[2025-11-08T15:28:06.857Z] INFO: Supabase connection successful
[2025-11-08T15:28:06.877Z] INFO: SmartPick API running on port 3001
[2025-11-08T15:28:06.994Z] INFO: GET /
[2025-11-08T15:28:07.111Z] INFO: GET /favicon.ico
[2025-11-08T15:28:07.133Z] INFO: GET /favicon.svg
[2025-11-08T15:28:07.186Z] INFO: GET /
[2025-11-08T15:28:07.338Z] INFO: GET /
[2025-11-08T15:28:07.396Z] INFO: GET /favicon.ico
[2025-11-08T15:28:07.408Z] INFO: GET /favicon.svg
[2025-11-08T15:32:16.924Z] INFO: POST /api/auth/login
[2025-11-08T15:32:18.228Z] INFO: User logged in: testuser1@example.com
[2025-11-08T15:33:24.723Z] INFO: POST /api/products
[2025-11-08T15:33:24.729Z] INFO: [createProduct] Inicio handler
[2025-11-08T15:35:01.853Z] INFO: Supabase connection successful
[2025-11-08T15:35:01.864Z] INFO: SmartPick API running on port 3001
[2025-11-08T15:35:01.922Z] INFO: GET /
[2025-11-08T15:35:01.994Z] INFO: GET /favicon.ico
[2025-11-08T15:35:02.006Z] INFO: GET /favicon.svg
[2025-11-08T15:35:13.087Z] INFO: Creando Pool de PostgreSQL (session mode)...
[2025-11-08T15:35:13.100Z] INFO:    DATABASE_URL =
[2025-11-08T15:35:13.338Z] INFO: Supabase connection successful
[2025-11-08T15:35:13.350Z] INFO: SmartPick API running on port 3001
[2025-11-08T15:35:13.391Z] INFO: GET /
[2025-11-08T15:35:13.415Z] INFO: GET /favicon.ico
[2025-11-08T15:35:13.429Z] INFO: GET /favicon.svg
[2025-11-08T15:35:49.741Z] INFO: POST /api/auth/login
[2025-11-08T15:35:50.224Z] INFO: User logged in: testuser1@example.com
[2025-11-08T15:36:54.126Z] INFO: POST /api/products
[2025-11-08T15:36:54.133Z] INFO: [createProduct] Inicio handler
[2025-11-08T15:50:35.660Z] INFO: Creando Pool de PostgreSQL (session mode)...
[2025-11-08T15:50:35.674Z] INFO:    DATABASE_URL =
[2025-11-08T15:50:36.470Z] INFO: Supabase connection successful
[2025-11-08T15:50:36.482Z] INFO: SmartPick API running on port 3001
[2025-11-08T15:50:36.539Z] INFO: GET /
[2025-11-08T15:50:36.575Z] INFO: GET /favicon.ico
[2025-11-08T15:50:36.587Z] INFO: GET /favicon.svg
[2025-11-08T15:50:42.391Z] INFO: POST /api/auth/login
[2025-11-08T15:50:42.906Z] INFO: User logged in: testuser1@example.com
[2025-11-08T15:51:24.283Z] INFO: POST /api/products
[2025-11-08T15:51:24.292Z] INFO: [createProduct] Inicio handler
[2025-11-08T15:56:23.387Z] INFO: Creando Pool de PostgreSQL (session mode)...
[2025-11-08T15:56:23.395Z] INFO:    DATABASE_URL =
[2025-11-08T15:56:24.018Z] INFO: Supabase connection successful
[2025-11-08T15:56:24.031Z] INFO: SmartPick API running on port 3001
[2025-11-08T15:56:24.071Z] INFO: GET /
[2025-11-08T15:56:24.116Z] INFO: GET /favicon.ico
[2025-11-08T15:56:24.125Z] INFO: GET /favicon.svg
[2025-11-08T15:57:19.969Z] INFO: POST /api/auth/login
[2025-11-08T15:57:20.516Z] INFO: User logged in: testuser1@example.com
[2025-11-08T15:58:05.147Z] INFO: POST /api/products
[2025-11-08T15:58:05.156Z] INFO: [createProduct] Inicio handler
[2025-11-08T16:01:52.627Z] INFO: Creando Pool de PostgreSQL (session mode)...
[2025-11-08T16:01:52.635Z] INFO:    DATABASE_URL =
[2025-11-08T16:01:53.272Z] INFO: Supabase connection successful
[2025-11-08T16:01:53.284Z] INFO: SmartPick API running on port 3001
[2025-11-08T16:01:53.335Z] INFO: GET /
[2025-11-08T16:01:53.372Z] INFO: GET /favicon.ico
[2025-11-08T16:01:53.383Z] INFO: GET /favicon.svg
[2025-11-08T16:02:02.274Z] INFO: POST /api/auth/login
[2025-11-08T16:02:02.769Z] INFO: User logged in: testuser1@example.com
[2025-11-08T16:02:27.604Z] INFO: POST /api/products
[2025-11-08T16:02:27.613Z] INFO: [createProduct] Inicio handler
[2025-11-08T16:05:04.890Z] INFO: Creando Pool de PostgreSQL (session mode)...
[2025-11-08T16:05:04.898Z] INFO:    DATABASE_URL =
[2025-11-08T16:05:05.641Z] INFO: Supabase connection successful
[2025-11-08T16:05:05.653Z] INFO: SmartPick API running on port 3001
[2025-11-08T16:05:05.695Z] INFO: GET /
[2025-11-08T16:05:05.758Z] INFO: GET /favicon.ico
[2025-11-08T16:05:05.772Z] INFO: GET /favicon.svg
[2025-11-08T16:05:26.898Z] INFO: POST /api/auth/login
[2025-11-08T16:05:27.417Z] INFO: User logged in: testuser1@example.com
[2025-11-08T16:05:48.088Z] INFO: POST /api/products
[2025-11-08T16:05:48.101Z] INFO: [createProduct] Inicio handler
[2025-11-08T16:13:33.506Z] INFO: Creando Pool de PostgreSQL (session mode)...
[2025-11-08T16:13:33.518Z] INFO:    DATABASE_URL = postgresql://postgres.asuzivmytohoclpzeksp:juniortupapa241121@aws-1-us-east-2.pooler.supabase.com:6543/postgres?pgbouncer=true
[2025-11-08T16:13:33.543Z] INFO: SmartPick API running on port 3001
[2025-11-08T16:13:33.613Z] INFO: GET /
[2025-11-08T16:13:33.661Z] INFO: GET /favicon.ico
[2025-11-08T16:13:33.678Z] INFO: GET /favicon.svg
[2025-11-08T16:17:05.442Z] INFO: POST /api/auth/login
[2025-11-08T16:17:06.549Z] INFO: User logged in: testuser1@example.com
[2025-11-08T16:17:31.442Z] INFO: POST /api/products
[2025-11-08T16:17:31.454Z] INFO: ➡️ [createProduct] Inicio handler
[2025-11-08T16:17:31.459Z] INFO: ➡️ [createProduct] Body: {"name":"iPhone 16 Pro","description":"Smartphone de prueba para SmartPick","category":"Electronics","externalLink":"https://apple.com/iphone"}
[2025-11-08T16:17:31.465Z] INFO: ➡️ [createProduct] User: {"id":"32a0b3f8-4486-45e2-ba96-1db050945520","email":"testuser1@example.com","role":"BUYER","iat":1762618626,"exp":1762705026}
[2025-11-08T16:17:31.471Z] INFO: ➡️ [createProduct] Ejecutando INSERT en DB
[2025-11-08T16:17:41.539Z] INFO: ℹ️ [createProduct] Total time: 10085 ms
[2025-11-08T16:32:00.612Z] INFO: SmartPick API running on port 3001
[2025-11-08T16:32:00.673Z] INFO: GET /
[2025-11-08T16:32:00.728Z] INFO: GET /favicon.ico
[2025-11-08T16:32:00.742Z] INFO: GET /favicon.svg
[2025-11-08T16:32:13.002Z] INFO: POST /api/auth/login
[2025-11-08T16:32:14.280Z] INFO: User logged in: testuser1@example.com
[2025-11-08T16:33:32.262Z] INFO: POST /api/products
[2025-11-08T16:33:32.270Z] INFO: ➡️ [createProduct] Inicio handler
[2025-11-08T16:33:32.274Z] INFO: ➡️ [createProduct] Body: {"name":"iPhone 16 Pro","description":"Smartphone de prueba para SmartPick","category":"Electronics","externalLink":"https://apple.com/iphone"}
[2025-11-08T16:33:32.279Z] INFO: ➡️ [createProduct] User: {"id":"32a0b3f8-4486-45e2-ba96-1db050945520","email":"testuser1@example.com","role":"BUYER","iat":1762619534,"exp":1762705934}
[2025-11-08T16:33:32.643Z] INFO: ✅ Product created: b6d29c9b-565f-4af0-9f2b-4084596af09a
[2025-11-08T16:33:32.652Z] INFO: ℹ️ [createProduct] Total time: 382 ms
[2025-11-08T20:07:39.254Z] INFO: SmartPick API running on port 3001
[2025-11-08T20:07:39.302Z] INFO: GET /
[2025-11-08T20:07:39.351Z] INFO: GET /favicon.ico
[2025-11-08T20:07:39.367Z] INFO: GET /favicon.svg
[2025-11-08T20:07:48.837Z] INFO: GET /api/products/b6d29c9b-565f-4af0-9f2b-4084596af09a/summary
[2025-11-08T20:11:42.657Z] INFO: GET /api/products/b6d29c9b-565f-4af0-9f2b-4084596af09a/summary
[2025-11-08T20:51:43.129Z] INFO: GET /api/products/b6d29c9b-565f-4af0-9f2b-4084596af09a/summary
[2025-11-08T20:57:36.686Z] INFO: SmartPick API running on port 3001
[2025-11-08T20:57:36.733Z] INFO: GET /
[2025-11-08T20:57:36.790Z] INFO: GET /favicon.ico
[2025-11-08T20:57:36.805Z] INFO: GET /favicon.svg
[2025-11-08T20:57:46.596Z] INFO: GET /api/products/b6d29c9b-565f-4af0-9f2b-4084596af09a/review-analytics
[2025-11-08T20:57:53.699Z] INFO: GET /api/products/b6d29c9b-565f-4af0-9f2b-4084596af09a/price-history
[2025-11-08T21:04:35.416Z] INFO: GET /api/products/b6d29c9b-565f-4af0-9f2b-4084596af09a/price-history
[2025-11-08T21:16:15.229Z] INFO: GET /api/products/b6d29c9b-565f-4af0-9f2b-4084596af09a/price-history
[2025-11-08T21:16:30.788Z] INFO: GET /api/products/b6d29c9b-565f-4af0-9f2b-4084596af09a/price-history
[2025-11-10T00:49:37.375Z] INFO: GET /api/products/b6d29c9b-565f-4af0-9f2b-4084596af09a/price-comparison
[2025-11-10T00:50:38.281Z] INFO: GET /api/products/b6d29c9b-565f-4af0-9f2b-4084596af09a/price-comparison
[2025-11-10T00:52:54.915Z] INFO: GET /api/products/b6d29c9b-565f-4af0-9f2b-4084596af09a/reviews
[2025-11-10T00:58:02.075Z] INFO: SmartPick API running on port 3001
[2025-11-10T00:58:02.149Z] INFO: GET /
[2025-11-10T00:58:02.198Z] INFO: GET /favicon.ico
[2025-11-10T00:58:02.215Z] INFO: GET /favicon.svg
[2025-11-10T00:58:38.499Z] INFO: GET /api/products/b6d29c9b-565f-4af0-9f2b-4084596af09a/price-history
[2025-11-10T00:58:47.491Z] INFO: GET /api/products/b6d29c9b-565f-4af0-9f2b-4084596af09a/price-comparison
[2025-11-10T00:58:55.315Z] INFO: GET /api/products/b6d29c9b-565f-4af0-9f2b-4084596af09a/price-comparison
[2025-11-10T00:59:01.782Z] INFO: GET /api/products/b6d29c9b-565f-4af0-9f2b-4084596af09a/reviews
[2025-11-10T00:59:08.156Z] INFO: GET /api/products/b6d29c9b-565f-4af0-9f2b-4084596af09a/reviews
[2025-11-10T01:04:34.661Z] INFO: POST /api/auth/login
[2025-11-10T01:04:35.910Z] INFO: User logged in: testuser1@example.com
[2025-11-10T01:05:41.832Z] INFO: POST /api/products/b6d29c9b-565f-4af0-9f2b-4084596af09a/reviews
[2025-11-10T01:05:49.720Z] INFO: GET /api/products/b6d29c9b-565f-4af0-9f2b-4084596af09a/review-analytics
[2025-11-10T02:23:52.797Z] INFO: GET /api/products/search
[2025-11-10T02:24:37.110Z] INFO: GET /api/products/search
[2025-11-10T02:24:44.402Z] INFO: GET /api/products/search
[2025-11-10T02:24:49.636Z] INFO: POST /api/auth/login
[2025-11-10T02:24:50.237Z] INFO: User logged in: testuser1@example.com
[2025-11-10T02:24:57.666Z] INFO: POST /api/auth/login
[2025-11-10T02:24:58.194Z] INFO: User logged in: testuser1@example.com
[2025-11-10T02:25:02.015Z] INFO: POST /api/auth/login
[2025-11-10T02:25:13.808Z] INFO: POST /api/auth/login
[2025-11-10T02:25:14.311Z] INFO: User logged in: testuser1@example.com
[2025-11-10T02:31:12.297Z] INFO: POST /api/auth/login
[2025-11-10T02:31:13.080Z] INFO: User logged in: testuser1@example.com
[2025-11-10T02:31:16.606Z] INFO: POST /api/auth/login
[2025-11-10T02:31:17.071Z] INFO: User logged in: testuser1@example.com
[2025-11-10T02:34:51.950Z] INFO: POST /api/auth/login
[2025-11-10T02:34:52.730Z] INFO: User logged in: testuser1@example.com
[2025-11-10T02:36:29.544Z] INFO: GET /api/products/search
[2025-11-10T02:36:31.452Z] INFO: GET /api/products/b6d29c9b-565f-4af0-9f2b-4084596af09a/summary
[2025-11-10T02:36:31.471Z] INFO: GET /api/products/b6d29c9b-565f-4af0-9f2b-4084596af09a/review-analytics
[2025-11-10T02:36:31.483Z] INFO: GET /api/products/b6d29c9b-565f-4af0-9f2b-4084596af09a/price-history
[2025-11-10T02:36:31.494Z] INFO: GET /api/products/b6d29c9b-565f-4af0-9f2b-4084596af09a/price-comparison
[2025-11-10T02:36:31.507Z] INFO: GET /api/products/b6d29c9b-565f-4af0-9f2b-4084596af09a/reviews
[2025-11-10T02:36:31.522Z] INFO: GET /api/products/b6d29c9b-565f-4af0-9f2b-4084596af09a/summary
[2025-11-10T02:36:31.534Z] INFO: GET /api/products/b6d29c9b-565f-4af0-9f2b-4084596af09a/review-analytics
[2025-11-10T02:36:31.547Z] INFO: GET /api/products/b6d29c9b-565f-4af0-9f2b-4084596af09a/price-history
[2025-11-10T02:36:31.558Z] INFO: GET /api/products/b6d29c9b-565f-4af0-9f2b-4084596af09a/price-comparison
[2025-11-10T02:36:31.578Z] INFO: GET /api/products/b6d29c9b-565f-4af0-9f2b-4084596af09a/reviews
[2025-11-10T02:36:40.704Z] INFO: GET /api/products/b6d29c9b-565f-4af0-9f2b-4084596af09a/reviews
[2025-11-10T02:36:43.174Z] INFO: GET /api/products/b6d29c9b-565f-4af0-9f2b-4084596af09a/reviews
[2025-11-10T02:36:44.659Z] INFO: GET /api/products/b6d29c9b-565f-4af0-9f2b-4084596af09a/reviews
[2025-11-10T02:36:59.425Z] INFO: POST /api/products/b6d29c9b-565f-4af0-9f2b-4084596af09a/reviews
[2025-11-10T02:36:59.915Z] INFO: GET /api/products/b6d29c9b-565f-4af0-9f2b-4084596af09a/reviews
[2025-11-10T02:36:59.938Z] INFO: GET /api/products/b6d29c9b-565f-4af0-9f2b-4084596af09a/review-analytics
[2025-11-10T02:37:54.526Z] INFO: GET /api/products/search
[2025-11-10T02:37:55.375Z] INFO: GET /api/products/b6d29c9b-565f-4af0-9f2b-4084596af09a/summary
[2025-11-10T02:37:55.385Z] INFO: GET /api/products/b6d29c9b-565f-4af0-9f2b-4084596af09a/review-analytics
[2025-11-10T02:37:55.397Z] INFO: GET /api/products/b6d29c9b-565f-4af0-9f2b-4084596af09a/price-history
[2025-11-10T02:37:55.411Z] INFO: GET /api/products/b6d29c9b-565f-4af0-9f2b-4084596af09a/price-comparison
[2025-11-10T02:37:55.420Z] INFO: GET /api/products/b6d29c9b-565f-4af0-9f2b-4084596af09a/reviews
[2025-11-10T02:37:55.431Z] INFO: GET /api/products/b6d29c9b-565f-4af0-9f2b-4084596af09a/summary
[2025-11-10T02:37:55.440Z] INFO: GET /api/products/b6d29c9b-565f-4af0-9f2b-4084596af09a/review-analytics
[2025-11-10T02:37:55.451Z] INFO: GET /api/products/b6d29c9b-565f-4af0-9f2b-4084596af09a/price-history
[2025-11-10T02:37:55.459Z] INFO: GET /api/products/b6d29c9b-565f-4af0-9f2b-4084596af09a/price-comparison
[2025-11-10T02:37:55.470Z] INFO: GET /api/products/b6d29c9b-565f-4af0-9f2b-4084596af09a/reviews
[2025-11-10T02:39:29.732Z] INFO: POST /api/auth/login
[2025-11-10T02:39:30.413Z] INFO: User logged in: testuser1@example.com
[2025-11-10T02:39:32.824Z] INFO: GET /api/products/search
[2025-11-10T02:39:33.841Z] INFO: GET /api/products/b6d29c9b-565f-4af0-9f2b-4084596af09a/summary
[2025-11-10T02:39:33.853Z] INFO: GET /api/products/b6d29c9b-565f-4af0-9f2b-4084596af09a/review-analytics
[2025-11-10T02:39:33.888Z] INFO: GET /api/products/b6d29c9b-565f-4af0-9f2b-4084596af09a/price-history
[2025-11-10T02:39:33.929Z] INFO: GET /api/products/b6d29c9b-565f-4af0-9f2b-4084596af09a/price-comparison
[2025-11-10T02:39:33.948Z] INFO: GET /api/products/b6d29c9b-565f-4af0-9f2b-4084596af09a/reviews
[2025-11-10T02:39:33.959Z] INFO: GET /api/products/b6d29c9b-565f-4af0-9f2b-4084596af09a/summary
[2025-11-10T02:39:33.969Z] INFO: GET /api/products/b6d29c9b-565f-4af0-9f2b-4084596af09a/review-analytics
[2025-11-10T02:39:33.978Z] INFO: GET /api/products/b6d29c9b-565f-4af0-9f2b-4084596af09a/price-history
[2025-11-10T02:39:33.990Z] INFO: GET /api/products/b6d29c9b-565f-4af0-9f2b-4084596af09a/price-comparison
[2025-11-10T02:39:34.002Z] INFO: GET /api/products/b6d29c9b-565f-4af0-9f2b-4084596af09a/reviews
[2025-11-10T02:45:38.252Z] INFO: GET /api/products/b6d29c9b-565f-4af0-9f2b-4084596af09a
[2025-11-10T02:45:38.262Z] INFO: GET /api/products/b6d29c9b-565f-4af0-9f2b-4084596af09a/summary
[2025-11-10T02:45:38.278Z] INFO: GET /api/products/b6d29c9b-565f-4af0-9f2b-4084596af09a/review-analytics
[2025-11-10T02:45:38.297Z] INFO: GET /api/products/b6d29c9b-565f-4af0-9f2b-4084596af09a/price-comparison
[2025-11-10T02:45:38.348Z] INFO: GET /api/products/b6d29c9b-565f-4af0-9f2b-4084596af09a/price-history
[2025-11-10T02:45:38.358Z] INFO: GET /api/products/b6d29c9b-565f-4af0-9f2b-4084596af09a/reviews
[2025-11-10T02:45:46.111Z] INFO: GET /api/products/search
[2025-11-10T02:45:46.772Z] INFO: GET /api/products/b6d29c9b-565f-4af0-9f2b-4084596af09a
[2025-11-10T02:45:46.784Z] INFO: GET /api/products/b6d29c9b-565f-4af0-9f2b-4084596af09a/summary
[2025-11-10T02:45:46.794Z] INFO: GET /api/products/b6d29c9b-565f-4af0-9f2b-4084596af09a/review-analytics
[2025-11-10T02:45:46.807Z] INFO: GET /api/products/b6d29c9b-565f-4af0-9f2b-4084596af09a/price-comparison
[2025-11-10T02:45:46.817Z] INFO: GET /api/products/b6d29c9b-565f-4af0-9f2b-4084596af09a/price-history
[2025-11-10T02:45:46.828Z] INFO: GET /api/products/b6d29c9b-565f-4af0-9f2b-4084596af09a/reviews
[2025-11-10T02:45:46.838Z] INFO: GET /api/products/b6d29c9b-565f-4af0-9f2b-4084596af09a
[2025-11-10T02:45:46.847Z] INFO: GET /api/products/b6d29c9b-565f-4af0-9f2b-4084596af09a/summary
[2025-11-10T02:45:46.857Z] INFO: GET /api/products/b6d29c9b-565f-4af0-9f2b-4084596af09a/review-analytics
[2025-11-10T02:45:46.866Z] INFO: GET /api/products/b6d29c9b-565f-4af0-9f2b-4084596af09a/price-comparison
[2025-11-10T02:45:46.877Z] INFO: GET /api/products/b6d29c9b-565f-4af0-9f2b-4084596af09a/price-history
[2025-11-10T02:45:46.885Z] INFO: GET /api/products/b6d29c9b-565f-4af0-9f2b-4084596af09a/reviews
[2025-11-10T02:46:29.954Z] INFO: GET /api/products/b6d29c9b-565f-4af0-9f2b-4084596af09a
[2025-11-10T02:46:29.967Z] INFO: GET /api/products/b6d29c9b-565f-4af0-9f2b-4084596af09a/summary
[2025-11-10T02:46:29.995Z] INFO: GET /api/products/b6d29c9b-565f-4af0-9f2b-4084596af09a/review-analytics
[2025-11-10T02:46:30.018Z] INFO: GET /api/products/b6d29c9b-565f-4af0-9f2b-4084596af09a/price-comparison
[2025-11-10T02:46:30.051Z] INFO: GET /api/products/b6d29c9b-565f-4af0-9f2b-4084596af09a/price-history
[2025-11-10T02:46:30.065Z] INFO: GET /api/products/b6d29c9b-565f-4af0-9f2b-4084596af09a/reviews
[2025-11-10T02:46:30.080Z] INFO: GET /api/products/b6d29c9b-565f-4af0-9f2b-4084596af09a
[2025-11-10T02:46:30.100Z] INFO: GET /api/products/b6d29c9b-565f-4af0-9f2b-4084596af09a/summary
[2025-11-10T02:46:30.115Z] INFO: GET /api/products/b6d29c9b-565f-4af0-9f2b-4084596af09a/review-analytics
[2025-11-10T02:46:30.128Z] INFO: GET /api/products/b6d29c9b-565f-4af0-9f2b-4084596af09a/price-comparison
[2025-11-10T02:46:30.141Z] INFO: GET /api/products/b6d29c9b-565f-4af0-9f2b-4084596af09a/price-history
[2025-11-10T02:46:30.167Z] INFO: GET /api/products/b6d29c9b-565f-4af0-9f2b-4084596af09a/reviews
[2025-11-10T02:46:31.029Z] INFO: GET /api/products/b6d29c9b-565f-4af0-9f2b-4084596af09a
[2025-11-10T02:46:31.041Z] INFO: GET /api/products/b6d29c9b-565f-4af0-9f2b-4084596af09a/summary
[2025-11-10T02:46:31.053Z] INFO: GET /api/products/b6d29c9b-565f-4af0-9f2b-4084596af09a/review-analytics
[2025-11-10T02:46:31.069Z] INFO: GET /api/products/b6d29c9b-565f-4af0-9f2b-4084596af09a/price-comparison
[2025-11-10T02:46:31.079Z] INFO: GET /api/products/b6d29c9b-565f-4af0-9f2b-4084596af09a/price-history
[2025-11-10T02:46:31.092Z] INFO: GET /api/products/b6d29c9b-565f-4af0-9f2b-4084596af09a/reviews
[2025-11-10T02:46:31.108Z] INFO: GET /api/products/b6d29c9b-565f-4af0-9f2b-4084596af09a
[2025-11-10T02:46:31.133Z] INFO: GET /api/products/b6d29c9b-565f-4af0-9f2b-4084596af09a/summary
[2025-11-10T02:46:31.148Z] INFO: GET /api/products/b6d29c9b-565f-4af0-9f2b-4084596af09a/review-analytics
[2025-11-10T02:46:31.166Z] INFO: GET /api/products/b6d29c9b-565f-4af0-9f2b-4084596af09a/price-comparison
[2025-11-10T02:46:31.178Z] INFO: GET /api/products/b6d29c9b-565f-4af0-9f2b-4084596af09a/price-history
[2025-11-10T02:46:31.193Z] INFO: GET /api/products/b6d29c9b-565f-4af0-9f2b-4084596af09a/reviews
[2025-11-10T02:46:38.725Z] INFO: POST /api/auth/login
[2025-11-10T02:46:39.208Z] INFO: User logged in: testuser1@example.com
[2025-11-10T02:46:40.871Z] INFO: GET /api/products/search
[2025-11-10T02:46:41.474Z] INFO: GET /api/products/b6d29c9b-565f-4af0-9f2b-4084596af09a
[2025-11-10T02:46:41.485Z] INFO: GET /api/products/b6d29c9b-565f-4af0-9f2b-4084596af09a/summary
[2025-11-10T02:46:41.496Z] INFO: GET /api/products/b6d29c9b-565f-4af0-9f2b-4084596af09a/review-analytics
[2025-11-10T02:46:41.507Z] INFO: GET /api/products/b6d29c9b-565f-4af0-9f2b-4084596af09a/price-comparison
[2025-11-10T02:46:41.517Z] INFO: GET /api/products/b6d29c9b-565f-4af0-9f2b-4084596af09a/price-history
[2025-11-10T02:46:41.526Z] INFO: GET /api/products/b6d29c9b-565f-4af0-9f2b-4084596af09a/reviews
[2025-11-10T02:46:41.536Z] INFO: GET /api/products/b6d29c9b-565f-4af0-9f2b-4084596af09a
[2025-11-10T02:46:41.546Z] INFO: GET /api/products/b6d29c9b-565f-4af0-9f2b-4084596af09a/summary
[2025-11-10T02:46:41.558Z] INFO: GET /api/products/b6d29c9b-565f-4af0-9f2b-4084596af09a/review-analytics
[2025-11-10T02:46:41.567Z] INFO: GET /api/products/b6d29c9b-565f-4af0-9f2b-4084596af09a/price-comparison
[2025-11-10T02:46:41.585Z] INFO: GET /api/products/b6d29c9b-565f-4af0-9f2b-4084596af09a/price-history
[2025-11-10T02:46:41.596Z] INFO: GET /api/products/b6d29c9b-565f-4af0-9f2b-4084596af09a/reviews
[2025-11-10T02:48:10.424Z] INFO: GET /api/products/search
[2025-11-10T02:48:11.399Z] INFO: GET /api/products/b6d29c9b-565f-4af0-9f2b-4084596af09a
[2025-11-10T02:48:11.410Z] INFO: GET /api/products/b6d29c9b-565f-4af0-9f2b-4084596af09a/summary
[2025-11-10T02:48:11.425Z] INFO: GET /api/products/b6d29c9b-565f-4af0-9f2b-4084596af09a/review-analytics
[2025-11-10T02:48:11.437Z] INFO: GET /api/products/b6d29c9b-565f-4af0-9f2b-4084596af09a/price-comparison
[2025-11-10T02:48:11.449Z] INFO: GET /api/products/b6d29c9b-565f-4af0-9f2b-4084596af09a/price-history
[2025-11-10T02:48:11.464Z] INFO: GET /api/products/b6d29c9b-565f-4af0-9f2b-4084596af09a/reviews
[2025-11-10T02:48:11.474Z] INFO: GET /api/products/b6d29c9b-565f-4af0-9f2b-4084596af09a
[2025-11-10T02:48:11.484Z] INFO: GET /api/products/b6d29c9b-565f-4af0-9f2b-4084596af09a/summary
[2025-11-10T02:48:11.493Z] INFO: GET /api/products/b6d29c9b-565f-4af0-9f2b-4084596af09a/review-analytics
[2025-11-10T02:48:11.514Z] INFO: GET /api/products/b6d29c9b-565f-4af0-9f2b-4084596af09a/price-comparison
[2025-11-10T02:48:11.525Z] INFO: GET /api/products/b6d29c9b-565f-4af0-9f2b-4084596af09a/price-history
[2025-11-10T02:48:11.538Z] INFO: GET /api/products/b6d29c9b-565f-4af0-9f2b-4084596af09a/reviews
[2025-11-10T02:49:04.657Z] INFO: GET /api/products/b6d29c9b-565f-4af0-9f2b-4084596af09a
[2025-11-10T02:49:04.671Z] INFO: GET /api/products/b6d29c9b-565f-4af0-9f2b-4084596af09a/summary
[2025-11-10T02:49:04.693Z] INFO: GET /api/products/b6d29c9b-565f-4af0-9f2b-4084596af09a/review-analytics
[2025-11-10T02:49:04.706Z] INFO: GET /api/products/b6d29c9b-565f-4af0-9f2b-4084596af09a/price-comparison
[2025-11-10T02:49:04.718Z] INFO: GET /api/products/b6d29c9b-565f-4af0-9f2b-4084596af09a/price-history
[2025-11-10T02:49:04.740Z] INFO: GET /api/products/b6d29c9b-565f-4af0-9f2b-4084596af09a/reviews
[2025-11-10T02:49:04.763Z] INFO: GET /api/products/b6d29c9b-565f-4af0-9f2b-4084596af09a
[2025-11-10T02:49:04.775Z] INFO: GET /api/products/b6d29c9b-565f-4af0-9f2b-4084596af09a/summary
[2025-11-10T02:49:04.795Z] INFO: GET /api/products/b6d29c9b-565f-4af0-9f2b-4084596af09a/review-analytics
[2025-11-10T02:49:04.808Z] INFO: GET /api/products/b6d29c9b-565f-4af0-9f2b-4084596af09a/price-comparison
[2025-11-10T02:49:04.815Z] INFO: GET /api/products/b6d29c9b-565f-4af0-9f2b-4084596af09a/price-history
[2025-11-10T02:49:04.824Z] INFO: GET /api/products/b6d29c9b-565f-4af0-9f2b-4084596af09a/reviews
[2025-11-10T02:52:04.515Z] INFO: GET /api/products/b6d29c9b-565f-4af0-9f2b-4084596af09a
[2025-11-10T02:52:04.528Z] INFO: GET /api/products/b6d29c9b-565f-4af0-9f2b-4084596af09a/summary
[2025-11-10T02:52:04.541Z] INFO: GET /api/products/b6d29c9b-565f-4af0-9f2b-4084596af09a/review-analytics
[2025-11-10T02:52:04.556Z] INFO: GET /api/products/b6d29c9b-565f-4af0-9f2b-4084596af09a/price-comparison
[2025-11-10T02:52:04.572Z] INFO: GET /api/products/b6d29c9b-565f-4af0-9f2b-4084596af09a/price-history
[2025-11-10T02:52:04.589Z] INFO: GET /api/products/b6d29c9b-565f-4af0-9f2b-4084596af09a/reviews
[2025-11-10T02:52:04.604Z] INFO: GET /api/products/b6d29c9b-565f-4af0-9f2b-4084596af09a
[2025-11-10T02:52:04.615Z] INFO: GET /api/products/b6d29c9b-565f-4af0-9f2b-4084596af09a/summary
[2025-11-10T02:52:04.627Z] INFO: GET /api/products/b6d29c9b-565f-4af0-9f2b-4084596af09a/review-analytics
[2025-11-10T02:52:04.638Z] INFO: GET /api/products/b6d29c9b-565f-4af0-9f2b-4084596af09a/price-comparison
[2025-11-10T02:52:04.652Z] INFO: GET /api/products/b6d29c9b-565f-4af0-9f2b-4084596af09a/price-history
[2025-11-10T02:52:04.666Z] INFO: GET /api/products/b6d29c9b-565f-4af0-9f2b-4084596af09a/reviews
[2025-11-10T02:52:25.520Z] INFO: GET /api/products/b6d29c9b-565f-4af0-9f2b-4084596af09a/reviews
[2025-11-10T02:52:27.052Z] INFO: GET /api/products/b6d29c9b-565f-4af0-9f2b-4084596af09a/reviews
[2025-11-10T02:52:28.251Z] INFO: GET /api/products/b6d29c9b-565f-4af0-9f2b-4084596af09a/reviews
[2025-11-10T02:53:44.955Z] INFO: GET /api/products/search
[2025-11-10T02:53:45.809Z] INFO: GET /api/products/b6d29c9b-565f-4af0-9f2b-4084596af09a
[2025-11-10T02:53:45.819Z] INFO: GET /api/products/b6d29c9b-565f-4af0-9f2b-4084596af09a/summary
[2025-11-10T02:53:45.830Z] INFO: GET /api/products/b6d29c9b-565f-4af0-9f2b-4084596af09a/review-analytics
[2025-11-10T02:53:45.842Z] INFO: GET /api/products/b6d29c9b-565f-4af0-9f2b-4084596af09a/price-comparison
[2025-11-10T02:53:45.850Z] INFO: GET /api/products/b6d29c9b-565f-4af0-9f2b-4084596af09a/price-history
[2025-11-10T02:53:45.859Z] INFO: GET /api/products/b6d29c9b-565f-4af0-9f2b-4084596af09a/reviews
[2025-11-10T02:53:45.868Z] INFO: GET /api/products/b6d29c9b-565f-4af0-9f2b-4084596af09a
[2025-11-10T02:53:45.879Z] INFO: GET /api/products/b6d29c9b-565f-4af0-9f2b-4084596af09a/summary
[2025-11-10T02:53:45.892Z] INFO: GET /api/products/b6d29c9b-565f-4af0-9f2b-4084596af09a/review-analytics
[2025-11-10T02:53:45.908Z] INFO: GET /api/products/b6d29c9b-565f-4af0-9f2b-4084596af09a/price-comparison
[2025-11-10T02:53:45.920Z] INFO: GET /api/products/b6d29c9b-565f-4af0-9f2b-4084596af09a/price-history
[2025-11-10T02:53:45.933Z] INFO: GET /api/products/b6d29c9b-565f-4af0-9f2b-4084596af09a/reviews
[2025-11-10T02:56:13.910Z] INFO: POST /api/auth/login
[2025-11-10T02:56:14.579Z] INFO: User logged in: testuser1@example.com
[2025-11-10T02:56:18.448Z] INFO: GET /api/products/search
[2025-11-10T02:56:19.261Z] INFO: GET /api/products/b6d29c9b-565f-4af0-9f2b-4084596af09a
[2025-11-10T02:56:19.272Z] INFO: GET /api/products/b6d29c9b-565f-4af0-9f2b-4084596af09a/summary
[2025-11-10T02:56:19.284Z] INFO: GET /api/products/b6d29c9b-565f-4af0-9f2b-4084596af09a/review-analytics
[2025-11-10T02:56:19.296Z] INFO: GET /api/products/b6d29c9b-565f-4af0-9f2b-4084596af09a/price-comparison
[2025-11-10T02:56:19.307Z] INFO: GET /api/products/b6d29c9b-565f-4af0-9f2b-4084596af09a/price-history
[2025-11-10T02:56:19.315Z] INFO: GET /api/products/b6d29c9b-565f-4af0-9f2b-4084596af09a/reviews
[2025-11-10T02:56:19.325Z] INFO: GET /api/products/b6d29c9b-565f-4af0-9f2b-4084596af09a
[2025-11-10T02:56:19.333Z] INFO: GET /api/products/b6d29c9b-565f-4af0-9f2b-4084596af09a/summary
[2025-11-10T02:56:19.343Z] INFO: GET /api/products/b6d29c9b-565f-4af0-9f2b-4084596af09a/review-analytics
[2025-11-10T02:56:19.352Z] INFO: GET /api/products/b6d29c9b-565f-4af0-9f2b-4084596af09a/price-comparison
[2025-11-10T02:56:19.362Z] INFO: GET /api/products/b6d29c9b-565f-4af0-9f2b-4084596af09a/price-history
[2025-11-10T02:56:19.371Z] INFO: GET /api/products/b6d29c9b-565f-4af0-9f2b-4084596af09a/reviews
[2025-11-10T03:01:57.231Z] INFO: GET /api/products/search
[2025-11-10T03:01:58.236Z] INFO: GET /api/products/b6d29c9b-565f-4af0-9f2b-4084596af09a
[2025-11-10T03:01:58.245Z] INFO: GET /api/products/b6d29c9b-565f-4af0-9f2b-4084596af09a/summary
[2025-11-10T03:01:58.256Z] INFO: GET /api/products/b6d29c9b-565f-4af0-9f2b-4084596af09a/review-analytics
[2025-11-10T03:01:58.266Z] INFO: GET /api/products/b6d29c9b-565f-4af0-9f2b-4084596af09a/price-comparison
[2025-11-10T03:01:58.276Z] INFO: GET /api/products/b6d29c9b-565f-4af0-9f2b-4084596af09a/price-history
[2025-11-10T03:01:58.288Z] INFO: GET /api/products/b6d29c9b-565f-4af0-9f2b-4084596af09a/reviews
[2025-11-10T03:01:58.302Z] INFO: GET /api/products/b6d29c9b-565f-4af0-9f2b-4084596af09a
[2025-11-10T03:01:58.310Z] INFO: GET /api/products/b6d29c9b-565f-4af0-9f2b-4084596af09a/summary
[2025-11-10T03:01:58.320Z] INFO: GET /api/products/b6d29c9b-565f-4af0-9f2b-4084596af09a/review-analytics
[2025-11-10T03:01:58.336Z] INFO: GET /api/products/b6d29c9b-565f-4af0-9f2b-4084596af09a/price-comparison
[2025-11-10T03:01:58.355Z] INFO: GET /api/products/b6d29c9b-565f-4af0-9f2b-4084596af09a/price-history
[2025-11-10T03:01:58.372Z] INFO: GET /api/products/b6d29c9b-565f-4af0-9f2b-4084596af09a/reviews
[2025-11-10T03:13:41.518Z] INFO: GET /api/products/b6d29c9b-565f-4af0-9f2b-4084596af09a
[2025-11-10T03:13:41.530Z] INFO: GET /api/products/b6d29c9b-565f-4af0-9f2b-4084596af09a/summary
[2025-11-10T03:13:41.543Z] INFO: GET /api/products/b6d29c9b-565f-4af0-9f2b-4084596af09a/review-analytics
[2025-11-10T03:13:41.553Z] INFO: GET /api/products/b6d29c9b-565f-4af0-9f2b-4084596af09a/price-comparison
[2025-11-10T03:13:41.564Z] INFO: GET /api/products/b6d29c9b-565f-4af0-9f2b-4084596af09a/price-history
[2025-11-10T03:13:41.575Z] INFO: GET /api/products/b6d29c9b-565f-4af0-9f2b-4084596af09a/reviews
[2025-11-10T03:13:41.583Z] INFO: GET /api/products/b6d29c9b-565f-4af0-9f2b-4084596af09a
[2025-11-10T03:13:41.591Z] INFO: GET /api/products/b6d29c9b-565f-4af0-9f2b-4084596af09a/summary
[2025-11-10T03:13:41.599Z] INFO: GET /api/products/b6d29c9b-565f-4af0-9f2b-4084596af09a/review-analytics
[2025-11-10T03:13:41.608Z] INFO: GET /api/products/b6d29c9b-565f-4af0-9f2b-4084596af09a/price-comparison
[2025-11-10T03:13:41.617Z] INFO: GET /api/products/b6d29c9b-565f-4af0-9f2b-4084596af09a/price-history
[2025-11-10T03:13:41.625Z] INFO: GET /api/products/b6d29c9b-565f-4af0-9f2b-4084596af09a/reviews
[2025-11-10T03:13:48.306Z] INFO: GET /api/products/search
[2025-11-10T03:13:48.319Z] INFO: GET /api/products/search
[2025-11-10T03:13:52.309Z] INFO: GET /api/products/b6d29c9b-565f-4af0-9f2b-4084596af09a
[2025-11-10T03:13:52.321Z] INFO: GET /api/products/b6d29c9b-565f-4af0-9f2b-4084596af09a/summary
[2025-11-10T03:13:52.336Z] INFO: GET /api/products/b6d29c9b-565f-4af0-9f2b-4084596af09a/review-analytics
[2025-11-10T03:13:52.353Z] INFO: GET /api/products/b6d29c9b-565f-4af0-9f2b-4084596af09a/price-comparison
[2025-11-10T03:13:52.366Z] INFO: GET /api/products/b6d29c9b-565f-4af0-9f2b-4084596af09a/price-history
[2025-11-10T03:13:52.393Z] INFO: GET /api/products/b6d29c9b-565f-4af0-9f2b-4084596af09a/reviews
[2025-11-10T03:13:52.420Z] INFO: GET /api/products/b6d29c9b-565f-4af0-9f2b-4084596af09a
[2025-11-10T03:13:52.436Z] INFO: GET /api/products/b6d29c9b-565f-4af0-9f2b-4084596af09a/summary
[2025-11-10T03:13:52.448Z] INFO: GET /api/products/b6d29c9b-565f-4af0-9f2b-4084596af09a/review-analytics
[2025-11-10T03:13:52.473Z] INFO: GET /api/products/b6d29c9b-565f-4af0-9f2b-4084596af09a/price-comparison
[2025-11-10T03:13:52.488Z] INFO: GET /api/products/b6d29c9b-565f-4af0-9f2b-4084596af09a/price-history
[2025-11-10T03:13:52.497Z] INFO: GET /api/products/b6d29c9b-565f-4af0-9f2b-4084596af09a/reviews
[2025-11-10T03:13:54.241Z] INFO: GET /api/products/search
[2025-11-10T03:13:54.265Z] INFO: GET /api/products/search
[2025-11-10T03:15:00.279Z] INFO: POST /api/auth/register
[2025-11-10T03:15:01.043Z] INFO: User registered: dacastro@javeriana.edu.co
[2025-11-10T03:15:05.592Z] INFO: POST /api/auth/login
[2025-11-10T03:15:06.124Z] INFO: User logged in: testuser1@example.com
[2025-11-10T03:15:06.144Z] INFO: GET /api/products/search
[2025-11-10T03:15:06.157Z] INFO: GET /api/products/search
[2025-11-10T03:15:11.275Z] INFO: POST /api/auth/login
[2025-11-10T03:15:11.717Z] INFO: User logged in: dacastro@javeriana.edu.co
[2025-11-10T03:15:11.737Z] INFO: GET /api/products/search
[2025-11-10T03:15:11.761Z] INFO: GET /api/products/search
[2025-11-10T03:15:24.718Z] INFO: POST /api/auth/login
[2025-11-10T03:15:25.352Z] INFO: User logged in: testuser1@example.com
[2025-11-10T03:15:25.377Z] INFO: GET /api/products/search
[2025-11-10T03:15:25.386Z] INFO: GET /api/products/search
[2025-11-10T03:15:27.168Z] INFO: GET /api/products/b6d29c9b-565f-4af0-9f2b-4084596af09a
[2025-11-10T03:15:27.182Z] INFO: GET /api/products/b6d29c9b-565f-4af0-9f2b-4084596af09a/summary
[2025-11-10T03:15:27.194Z] INFO: GET /api/products/b6d29c9b-565f-4af0-9f2b-4084596af09a/review-analytics
[2025-11-10T03:15:27.207Z] INFO: GET /api/products/b6d29c9b-565f-4af0-9f2b-4084596af09a/price-comparison
[2025-11-10T03:15:27.217Z] INFO: GET /api/products/b6d29c9b-565f-4af0-9f2b-4084596af09a/price-history
[2025-11-10T03:15:27.227Z] INFO: GET /api/products/b6d29c9b-565f-4af0-9f2b-4084596af09a/reviews
[2025-11-10T03:15:27.237Z] INFO: GET /api/products/b6d29c9b-565f-4af0-9f2b-4084596af09a
[2025-11-10T03:15:27.247Z] INFO: GET /api/products/b6d29c9b-565f-4af0-9f2b-4084596af09a/summary
[2025-11-10T03:15:27.255Z] INFO: GET /api/products/b6d29c9b-565f-4af0-9f2b-4084596af09a/review-analytics
[2025-11-10T03:15:27.264Z] INFO: GET /api/products/b6d29c9b-565f-4af0-9f2b-4084596af09a/price-comparison
[2025-11-10T03:15:27.276Z] INFO: GET /api/products/b6d29c9b-565f-4af0-9f2b-4084596af09a/price-history
[2025-11-10T03:15:27.287Z] INFO: GET /api/products/b6d29c9b-565f-4af0-9f2b-4084596af09a/reviews
[2025-11-10T03:15:33.338Z] INFO: GET /api/products/search
[2025-11-10T03:15:33.347Z] INFO: GET /api/products/search
[2025-11-10T03:17:10.692Z] INFO: GET /api/products/b6d29c9b-565f-4af0-9f2b-4084596af09a
[2025-11-10T03:17:10.706Z] INFO: GET /api/products/b6d29c9b-565f-4af0-9f2b-4084596af09a/summary
[2025-11-10T03:17:10.719Z] INFO: GET /api/products/b6d29c9b-565f-4af0-9f2b-4084596af09a/review-analytics
[2025-11-10T03:17:10.733Z] INFO: GET /api/products/b6d29c9b-565f-4af0-9f2b-4084596af09a/price-comparison
[2025-11-10T03:17:10.747Z] INFO: GET /api/products/b6d29c9b-565f-4af0-9f2b-4084596af09a/price-history
[2025-11-10T03:17:10.764Z] INFO: GET /api/products/b6d29c9b-565f-4af0-9f2b-4084596af09a/reviews
[2025-11-10T03:17:10.779Z] INFO: GET /api/products/b6d29c9b-565f-4af0-9f2b-4084596af09a
[2025-11-10T03:17:10.792Z] INFO: GET /api/products/b6d29c9b-565f-4af0-9f2b-4084596af09a/summary
[2025-11-10T03:17:10.803Z] INFO: GET /api/products/b6d29c9b-565f-4af0-9f2b-4084596af09a/review-analytics
[2025-11-10T03:17:10.818Z] INFO: GET /api/products/b6d29c9b-565f-4af0-9f2b-4084596af09a/price-comparison
[2025-11-10T03:17:10.828Z] INFO: GET /api/products/b6d29c9b-565f-4af0-9f2b-4084596af09a/price-history
[2025-11-10T03:17:10.842Z] INFO: GET /api/products/b6d29c9b-565f-4af0-9f2b-4084596af09a/reviews
[2025-11-10T03:17:46.958Z] INFO: POST /api/auth/login
[2025-11-10T03:17:47.429Z] INFO: User logged in: testuser1@example.com
[2025-11-10T03:17:47.452Z] INFO: GET /api/products/search
[2025-11-10T03:17:47.465Z] INFO: GET /api/products/search
[2025-11-10T03:17:52.282Z] INFO: GET /api/products/b6d29c9b-565f-4af0-9f2b-4084596af09a
[2025-11-10T03:17:52.292Z] INFO: GET /api/products/b6d29c9b-565f-4af0-9f2b-4084596af09a/summary
[2025-11-10T03:17:52.304Z] INFO: GET /api/products/b6d29c9b-565f-4af0-9f2b-4084596af09a/review-analytics
[2025-11-10T03:17:52.313Z] INFO: GET /api/products/b6d29c9b-565f-4af0-9f2b-4084596af09a/price-comparison
[2025-11-10T03:17:52.323Z] INFO: GET /api/products/b6d29c9b-565f-4af0-9f2b-4084596af09a/price-history
[2025-11-10T03:17:52.331Z] INFO: GET /api/products/b6d29c9b-565f-4af0-9f2b-4084596af09a/reviews
[2025-11-10T03:17:52.339Z] INFO: GET /api/products/b6d29c9b-565f-4af0-9f2b-4084596af09a
[2025-11-10T03:17:52.346Z] INFO: GET /api/products/b6d29c9b-565f-4af0-9f2b-4084596af09a/summary
[2025-11-10T03:17:52.355Z] INFO: GET /api/products/b6d29c9b-565f-4af0-9f2b-4084596af09a/review-analytics
[2025-11-10T03:17:52.363Z] INFO: GET /api/products/b6d29c9b-565f-4af0-9f2b-4084596af09a/price-comparison
[2025-11-10T03:17:52.375Z] INFO: GET /api/products/b6d29c9b-565f-4af0-9f2b-4084596af09a/price-history
[2025-11-10T03:17:52.387Z] INFO: GET /api/products/b6d29c9b-565f-4af0-9f2b-4084596af09a/reviews
[2025-11-10T03:17:53.594Z] INFO: GET /api/products/search
[2025-11-10T03:17:53.608Z] INFO: GET /api/products/search
[2025-11-10T03:20:10.245Z] INFO: GET /api/products/b6d29c9b-565f-4af0-9f2b-4084596af09a
[2025-11-10T03:20:10.255Z] INFO: GET /api/products/b6d29c9b-565f-4af0-9f2b-4084596af09a/summary
[2025-11-10T03:20:10.267Z] INFO: GET /api/products/b6d29c9b-565f-4af0-9f2b-4084596af09a/review-analytics
[2025-11-10T03:20:10.285Z] INFO: GET /api/products/b6d29c9b-565f-4af0-9f2b-4084596af09a/price-comparison
[2025-11-10T03:20:10.302Z] INFO: GET /api/products/b6d29c9b-565f-4af0-9f2b-4084596af09a/price-history
[2025-11-10T03:20:10.313Z] INFO: GET /api/products/b6d29c9b-565f-4af0-9f2b-4084596af09a/reviews
[2025-11-10T03:20:10.324Z] INFO: GET /api/products/b6d29c9b-565f-4af0-9f2b-4084596af09a
[2025-11-10T03:20:10.362Z] INFO: GET /api/products/b6d29c9b-565f-4af0-9f2b-4084596af09a/summary
[2025-11-10T03:20:10.372Z] INFO: GET /api/products/b6d29c9b-565f-4af0-9f2b-4084596af09a/review-analytics
[2025-11-10T03:20:10.383Z] INFO: GET /api/products/b6d29c9b-565f-4af0-9f2b-4084596af09a/price-comparison
[2025-11-10T03:20:10.394Z] INFO: GET /api/products/b6d29c9b-565f-4af0-9f2b-4084596af09a/price-history
[2025-11-10T03:20:10.406Z] INFO: GET /api/products/b6d29c9b-565f-4af0-9f2b-4084596af09a/reviews
[2025-11-10T03:20:18.550Z] INFO: POST /api/products/b6d29c9b-565f-4af0-9f2b-4084596af09a/reviews
[2025-11-10T03:20:18.950Z] INFO: GET /api/products/b6d29c9b-565f-4af0-9f2b-4084596af09a/summary
[2025-11-10T03:20:18.967Z] INFO: GET /api/products/b6d29c9b-565f-4af0-9f2b-4084596af09a/review-analytics
[2025-11-10T03:20:18.981Z] INFO: GET /api/products/b6d29c9b-565f-4af0-9f2b-4084596af09a/reviews
[2025-11-10T03:20:25.801Z] INFO: POST /api/products/b6d29c9b-565f-4af0-9f2b-4084596af09a/reviews
[2025-11-10T03:20:41.039Z] INFO: POST /api/products/b6d29c9b-565f-4af0-9f2b-4084596af09a/reviews
[2025-11-10T03:20:41.413Z] INFO: GET /api/products/b6d29c9b-565f-4af0-9f2b-4084596af09a/summary
[2025-11-10T03:20:41.426Z] INFO: GET /api/products/b6d29c9b-565f-4af0-9f2b-4084596af09a/review-analytics
[2025-11-10T03:20:41.439Z] INFO: GET /api/products/b6d29c9b-565f-4af0-9f2b-4084596af09a/reviews
[2025-11-10T03:35:17.695Z] INFO: POST /api/auth/login
[2025-11-10T03:35:18.729Z] INFO: User logged in: dacastro@javeriana.edu.co
[2025-11-10T03:35:18.750Z] INFO: GET /api/products/search
[2025-11-10T03:35:18.762Z] INFO: GET /api/products/search
[2025-11-10T03:35:24.507Z] INFO: POST /api/auth/login
[2025-11-10T03:35:25.061Z] INFO: User logged in: testuser1@example.com
[2025-11-10T03:35:25.085Z] INFO: GET /api/products/search
[2025-11-10T03:35:25.098Z] INFO: GET /api/products/search
[2025-11-10T03:36:06.182Z] INFO: GET /api/products/search
[2025-11-10T03:36:06.193Z] INFO: GET /api/products/search
[2025-11-10T03:51:20.481Z] INFO: POST /api/auth/login
[2025-11-10T03:51:21.626Z] INFO: User logged in: testuser1@example.com
[2025-11-10T03:51:21.653Z] INFO: GET /api/products/search
[2025-11-10T03:51:21.665Z] INFO: GET /api/products/search
[2025-11-10T03:52:51.829Z] INFO: POST /api/auth/login
[2025-11-10T03:52:52.452Z] INFO: User logged in: dacastro@javeriana.edu.co
[2025-11-10T03:52:52.473Z] INFO: GET /api/products/search
[2025-11-10T03:52:52.482Z] INFO: GET /api/products/search
[2025-11-10T03:52:56.100Z] INFO: POST /api/auth/login
[2025-11-10T03:52:56.560Z] INFO: User logged in: testuser1@example.com
[2025-11-10T03:52:56.587Z] INFO: GET /api/products/search
[2025-11-10T03:52:56.600Z] INFO: GET /api/products/search
[2025-11-10T03:52:59.714Z] INFO: GET /api/products/search
[2025-11-10T03:53:00.895Z] INFO: GET /api/products/b6d29c9b-565f-4af0-9f2b-4084596af09a
[2025-11-10T03:53:00.910Z] INFO: GET /api/products/b6d29c9b-565f-4af0-9f2b-4084596af09a/summary
[2025-11-10T03:53:00.922Z] INFO: GET /api/products/b6d29c9b-565f-4af0-9f2b-4084596af09a/review-analytics
[2025-11-10T03:53:00.935Z] INFO: GET /api/products/b6d29c9b-565f-4af0-9f2b-4084596af09a/price-comparison
[2025-11-10T03:53:00.946Z] INFO: GET /api/products/b6d29c9b-565f-4af0-9f2b-4084596af09a/price-history
[2025-11-10T03:53:00.955Z] INFO: GET /api/products/b6d29c9b-565f-4af0-9f2b-4084596af09a/reviews
[2025-11-10T03:53:00.964Z] INFO: GET /api/products/b6d29c9b-565f-4af0-9f2b-4084596af09a
[2025-11-10T03:53:00.973Z] INFO: GET /api/products/b6d29c9b-565f-4af0-9f2b-4084596af09a/summary
[2025-11-10T03:53:00.982Z] INFO: GET /api/products/b6d29c9b-565f-4af0-9f2b-4084596af09a/review-analytics
[2025-11-10T03:53:00.991Z] INFO: GET /api/products/b6d29c9b-565f-4af0-9f2b-4084596af09a/price-comparison
[2025-11-10T03:53:00.999Z] INFO: GET /api/products/b6d29c9b-565f-4af0-9f2b-4084596af09a/price-history
[2025-11-10T03:53:01.006Z] INFO: GET /api/products/b6d29c9b-565f-4af0-9f2b-4084596af09a/reviews
[2025-11-10T03:53:14.176Z] INFO: GET /api/products/b6d29c9b-565f-4af0-9f2b-4084596af09a
[2025-11-10T03:53:14.186Z] INFO: GET /api/products/b6d29c9b-565f-4af0-9f2b-4084596af09a/summary
[2025-11-10T03:53:14.199Z] INFO: GET /api/products/b6d29c9b-565f-4af0-9f2b-4084596af09a/review-analytics
[2025-11-10T03:53:14.218Z] INFO: GET /api/products/b6d29c9b-565f-4af0-9f2b-4084596af09a/price-comparison
[2025-11-10T03:53:14.229Z] INFO: GET /api/products/b6d29c9b-565f-4af0-9f2b-4084596af09a/price-history
[2025-11-10T03:53:14.240Z] INFO: GET /api/products/b6d29c9b-565f-4af0-9f2b-4084596af09a/reviews
[2025-11-10T03:53:14.250Z] INFO: GET /api/products/b6d29c9b-565f-4af0-9f2b-4084596af09a
[2025-11-10T03:53:14.260Z] INFO: GET /api/products/b6d29c9b-565f-4af0-9f2b-4084596af09a/summary
[2025-11-10T03:53:14.269Z] INFO: GET /api/products/b6d29c9b-565f-4af0-9f2b-4084596af09a/review-analytics
[2025-11-10T03:53:14.279Z] INFO: GET /api/products/b6d29c9b-565f-4af0-9f2b-4084596af09a/price-comparison
[2025-11-10T03:53:14.294Z] INFO: GET /api/products/b6d29c9b-565f-4af0-9f2b-4084596af09a/price-history
[2025-11-10T03:53:14.304Z] INFO: GET /api/products/b6d29c9b-565f-4af0-9f2b-4084596af09a/reviews
[2025-11-10T03:54:58.000Z] INFO: GET /api/products/b6d29c9b-565f-4af0-9f2b-4084596af09a
[2025-11-10T03:54:58.012Z] INFO: GET /api/products/b6d29c9b-565f-4af0-9f2b-4084596af09a/summary
[2025-11-10T03:54:58.021Z] INFO: GET /api/products/b6d29c9b-565f-4af0-9f2b-4084596af09a/review-analytics
[2025-11-10T03:54:58.032Z] INFO: GET /api/products/b6d29c9b-565f-4af0-9f2b-4084596af09a/price-comparison
[2025-11-10T03:54:58.040Z] INFO: GET /api/products/b6d29c9b-565f-4af0-9f2b-4084596af09a/price-history
[2025-11-10T03:54:58.048Z] INFO: GET /api/products/b6d29c9b-565f-4af0-9f2b-4084596af09a/reviews
[2025-11-10T03:54:58.058Z] INFO: GET /api/products/b6d29c9b-565f-4af0-9f2b-4084596af09a
[2025-11-10T03:54:58.067Z] INFO: GET /api/products/b6d29c9b-565f-4af0-9f2b-4084596af09a/summary
[2025-11-10T03:54:58.075Z] INFO: GET /api/products/b6d29c9b-565f-4af0-9f2b-4084596af09a/review-analytics
[2025-11-10T03:54:58.083Z] INFO: GET /api/products/b6d29c9b-565f-4af0-9f2b-4084596af09a/price-comparison
[2025-11-10T03:54:58.092Z] INFO: GET /api/products/b6d29c9b-565f-4af0-9f2b-4084596af09a/price-history
[2025-11-10T03:54:58.101Z] INFO: GET /api/products/b6d29c9b-565f-4af0-9f2b-4084596af09a/reviews
[2025-11-10T04:01:32.424Z] INFO: GET /api/products/b6d29c9b-565f-4af0-9f2b-4084596af09a
[2025-11-10T04:01:32.435Z] INFO: GET /api/products/b6d29c9b-565f-4af0-9f2b-4084596af09a/summary
[2025-11-10T04:01:32.443Z] INFO: GET /api/products/b6d29c9b-565f-4af0-9f2b-4084596af09a/review-analytics
[2025-11-10T04:01:32.452Z] INFO: GET /api/products/b6d29c9b-565f-4af0-9f2b-4084596af09a/price-comparison
[2025-11-10T04:01:32.462Z] INFO: GET /api/products/b6d29c9b-565f-4af0-9f2b-4084596af09a/price-history
[2025-11-10T04:01:32.471Z] INFO: GET /api/products/b6d29c9b-565f-4af0-9f2b-4084596af09a/reviews
[2025-11-10T04:01:32.481Z] INFO: GET /api/products/b6d29c9b-565f-4af0-9f2b-4084596af09a
[2025-11-10T04:01:32.488Z] INFO: GET /api/products/b6d29c9b-565f-4af0-9f2b-4084596af09a/summary
[2025-11-10T04:01:32.497Z] INFO: GET /api/products/b6d29c9b-565f-4af0-9f2b-4084596af09a/review-analytics
[2025-11-10T04:01:32.506Z] INFO: GET /api/products/b6d29c9b-565f-4af0-9f2b-4084596af09a/price-comparison
[2025-11-10T04:01:32.527Z] INFO: GET /api/products/b6d29c9b-565f-4af0-9f2b-4084596af09a/price-history
[2025-11-10T04:01:32.548Z] INFO: GET /api/products/b6d29c9b-565f-4af0-9f2b-4084596af09a/reviews
[2025-11-10T04:01:46.462Z] INFO: GET /api/products/b6d29c9b-565f-4af0-9f2b-4084596af09a
[2025-11-10T04:01:46.473Z] INFO: GET /api/products/b6d29c9b-565f-4af0-9f2b-4084596af09a/summary
[2025-11-10T04:01:46.488Z] INFO: GET /api/products/b6d29c9b-565f-4af0-9f2b-4084596af09a/review-analytics
[2025-11-10T04:01:46.501Z] INFO: GET /api/products/b6d29c9b-565f-4af0-9f2b-4084596af09a/price-comparison
[2025-11-10T04:01:46.510Z] INFO: GET /api/products/b6d29c9b-565f-4af0-9f2b-4084596af09a/price-history
[2025-11-10T04:01:46.521Z] INFO: GET /api/products/b6d29c9b-565f-4af0-9f2b-4084596af09a/reviews
[2025-11-10T04:01:46.531Z] INFO: GET /api/products/b6d29c9b-565f-4af0-9f2b-4084596af09a
[2025-11-10T04:01:46.541Z] INFO: GET /api/products/b6d29c9b-565f-4af0-9f2b-4084596af09a/summary
[2025-11-10T04:01:46.548Z] INFO: GET /api/products/b6d29c9b-565f-4af0-9f2b-4084596af09a/review-analytics
[2025-11-10T04:01:46.563Z] INFO: GET /api/products/b6d29c9b-565f-4af0-9f2b-4084596af09a/price-comparison
[2025-11-10T04:01:46.573Z] INFO: GET /api/products/b6d29c9b-565f-4af0-9f2b-4084596af09a/price-history
[2025-11-10T04:01:46.583Z] INFO: GET /api/products/b6d29c9b-565f-4af0-9f2b-4084596af09a/reviews
[2025-11-10T04:02:08.374Z] INFO: GET /api/products/b6d29c9b-565f-4af0-9f2b-4084596af09a
[2025-11-10T04:02:08.383Z] INFO: GET /api/products/b6d29c9b-565f-4af0-9f2b-4084596af09a/summary
[2025-11-10T04:02:08.392Z] INFO: GET /api/products/b6d29c9b-565f-4af0-9f2b-4084596af09a/review-analytics
[2025-11-10T04:02:08.406Z] INFO: GET /api/products/b6d29c9b-565f-4af0-9f2b-4084596af09a/price-comparison
[2025-11-10T04:02:08.422Z] INFO: GET /api/products/b6d29c9b-565f-4af0-9f2b-4084596af09a/price-history
[2025-11-10T04:02:08.433Z] INFO: GET /api/products/b6d29c9b-565f-4af0-9f2b-4084596af09a/reviews
[2025-11-10T04:02:08.444Z] INFO: GET /api/products/b6d29c9b-565f-4af0-9f2b-4084596af09a
[2025-11-10T04:02:08.453Z] INFO: GET /api/products/b6d29c9b-565f-4af0-9f2b-4084596af09a/summary
[2025-11-10T04:02:08.463Z] INFO: GET /api/products/b6d29c9b-565f-4af0-9f2b-4084596af09a/review-analytics
[2025-11-10T04:02:08.475Z] INFO: GET /api/products/b6d29c9b-565f-4af0-9f2b-4084596af09a/price-comparison
[2025-11-10T04:02:08.485Z] INFO: GET /api/products/b6d29c9b-565f-4af0-9f2b-4084596af09a/price-history
[2025-11-10T04:02:08.499Z] INFO: GET /api/products/b6d29c9b-565f-4af0-9f2b-4084596af09a/reviews
[2025-11-10T04:03:06.591Z] INFO: GET /api/products/b6d29c9b-565f-4af0-9f2b-4084596af09a
[2025-11-10T04:03:06.601Z] INFO: GET /api/products/b6d29c9b-565f-4af0-9f2b-4084596af09a/summary
[2025-11-10T04:03:06.610Z] INFO: GET /api/products/b6d29c9b-565f-4af0-9f2b-4084596af09a/review-analytics
[2025-11-10T04:03:06.621Z] INFO: GET /api/products/b6d29c9b-565f-4af0-9f2b-4084596af09a/price-comparison
[2025-11-10T04:03:06.632Z] INFO: GET /api/products/b6d29c9b-565f-4af0-9f2b-4084596af09a/price-history
[2025-11-10T04:03:06.643Z] INFO: GET /api/products/b6d29c9b-565f-4af0-9f2b-4084596af09a/reviews
[2025-11-10T04:03:06.652Z] INFO: GET /api/products/b6d29c9b-565f-4af0-9f2b-4084596af09a
[2025-11-10T04:03:06.660Z] INFO: GET /api/products/b6d29c9b-565f-4af0-9f2b-4084596af09a/summary
[2025-11-10T04:03:06.671Z] INFO: GET /api/products/b6d29c9b-565f-4af0-9f2b-4084596af09a/review-analytics
[2025-11-10T04:03:06.680Z] INFO: GET /api/products/b6d29c9b-565f-4af0-9f2b-4084596af09a/price-comparison
[2025-11-10T04:03:06.717Z] INFO: GET /api/products/b6d29c9b-565f-4af0-9f2b-4084596af09a/price-history
[2025-11-10T04:03:06.736Z] INFO: GET /api/products/b6d29c9b-565f-4af0-9f2b-4084596af09a/reviews
[2025-11-10T04:08:55.291Z] INFO: GET /api/products/b6d29c9b-565f-4af0-9f2b-4084596af09a
[2025-11-10T04:08:55.314Z] INFO: GET /api/products/b6d29c9b-565f-4af0-9f2b-4084596af09a/summary
[2025-11-10T04:08:55.335Z] INFO: GET /api/products/b6d29c9b-565f-4af0-9f2b-4084596af09a/review-analytics
[2025-11-10T04:08:55.348Z] INFO: GET /api/products/b6d29c9b-565f-4af0-9f2b-4084596af09a/price-comparison
[2025-11-10T04:08:55.357Z] INFO: GET /api/products/b6d29c9b-565f-4af0-9f2b-4084596af09a/price-history
[2025-11-10T04:08:55.367Z] INFO: GET /api/products/b6d29c9b-565f-4af0-9f2b-4084596af09a/reviews
[2025-11-10T04:08:55.376Z] INFO: GET /api/products/b6d29c9b-565f-4af0-9f2b-4084596af09a
[2025-11-10T04:08:55.384Z] INFO: GET /api/products/b6d29c9b-565f-4af0-9f2b-4084596af09a/summary
[2025-11-10T04:08:55.395Z] INFO: GET /api/products/b6d29c9b-565f-4af0-9f2b-4084596af09a/review-analytics
[2025-11-10T04:08:55.404Z] INFO: GET /api/products/b6d29c9b-565f-4af0-9f2b-4084596af09a/price-comparison
[2025-11-10T04:08:55.420Z] INFO: GET /api/products/b6d29c9b-565f-4af0-9f2b-4084596af09a/price-history
[2025-11-10T04:08:55.440Z] INFO: GET /api/products/b6d29c9b-565f-4af0-9f2b-4084596af09a/reviews
[2025-11-10T04:09:06.183Z] INFO: GET /api/products/b6d29c9b-565f-4af0-9f2b-4084596af09a
[2025-11-10T04:09:06.197Z] INFO: GET /api/products/b6d29c9b-565f-4af0-9f2b-4084596af09a/summary
[2025-11-10T04:09:06.214Z] INFO: GET /api/products/b6d29c9b-565f-4af0-9f2b-4084596af09a/review-analytics
[2025-11-10T04:09:06.223Z] INFO: GET /api/products/b6d29c9b-565f-4af0-9f2b-4084596af09a/price-comparison
[2025-11-10T04:09:06.232Z] INFO: GET /api/products/b6d29c9b-565f-4af0-9f2b-4084596af09a/price-history
[2025-11-10T04:09:06.241Z] INFO: GET /api/products/b6d29c9b-565f-4af0-9f2b-4084596af09a/reviews
[2025-11-10T04:09:06.250Z] INFO: GET /api/products/b6d29c9b-565f-4af0-9f2b-4084596af09a
[2025-11-10T04:09:06.259Z] INFO: GET /api/products/b6d29c9b-565f-4af0-9f2b-4084596af09a/summary
[2025-11-10T04:09:06.268Z] INFO: GET /api/products/b6d29c9b-565f-4af0-9f2b-4084596af09a/review-analytics
[2025-11-10T04:09:06.277Z] INFO: GET /api/products/b6d29c9b-565f-4af0-9f2b-4084596af09a/price-comparison
[2025-11-10T04:09:06.285Z] INFO: GET /api/products/b6d29c9b-565f-4af0-9f2b-4084596af09a/price-history
[2025-11-10T04:09:06.295Z] INFO: GET /api/products/b6d29c9b-565f-4af0-9f2b-4084596af09a/reviews
[2025-11-10T04:09:54.437Z] INFO: POST /api/auth/login
[2025-11-10T04:09:54.904Z] INFO: User logged in: testuser1@example.com
[2025-11-10T04:09:54.934Z] INFO: GET /api/products/search
[2025-11-10T04:09:54.949Z] INFO: GET /api/products/search
[2025-11-10T04:10:01.001Z] INFO: GET /api/products/b6d29c9b-565f-4af0-9f2b-4084596af09a
[2025-11-10T04:10:01.013Z] INFO: GET /api/products/b6d29c9b-565f-4af0-9f2b-4084596af09a/summary
[2025-11-10T04:10:01.025Z] INFO: GET /api/products/b6d29c9b-565f-4af0-9f2b-4084596af09a/review-analytics
[2025-11-10T04:10:01.037Z] INFO: GET /api/products/b6d29c9b-565f-4af0-9f2b-4084596af09a/price-comparison
[2025-11-10T04:10:01.048Z] INFO: GET /api/products/b6d29c9b-565f-4af0-9f2b-4084596af09a/price-history
[2025-11-10T04:10:01.060Z] INFO: GET /api/products/b6d29c9b-565f-4af0-9f2b-4084596af09a/reviews
[2025-11-10T04:10:01.076Z] INFO: GET /api/products/b6d29c9b-565f-4af0-9f2b-4084596af09a
[2025-11-10T04:10:01.092Z] INFO: GET /api/products/b6d29c9b-565f-4af0-9f2b-4084596af09a/summary
[2025-11-10T04:10:01.105Z] INFO: GET /api/products/b6d29c9b-565f-4af0-9f2b-4084596af09a/review-analytics
[2025-11-10T04:10:01.115Z] INFO: GET /api/products/b6d29c9b-565f-4af0-9f2b-4084596af09a/price-comparison
[2025-11-10T04:10:01.125Z] INFO: GET /api/products/b6d29c9b-565f-4af0-9f2b-4084596af09a/price-history
[2025-11-10T04:10:01.134Z] INFO: GET /api/products/b6d29c9b-565f-4af0-9f2b-4084596af09a/reviews
[2025-11-10T04:10:11.411Z] INFO: GET /api/products/search
[2025-11-10T04:10:11.425Z] INFO: GET /api/products/search
[2025-11-10T04:11:53.130Z] INFO: POST /api/products
[2025-11-10T04:11:53.139Z] INFO: ➡️ [createProduct] Inicio handler
[2025-11-10T04:11:53.149Z] INFO: ➡️ [createProduct] Body: {"name":"samsung Galaxy Z Flip7 FE","description":"Buen producto","category":"SmartPhones","externalLink":"https://www.samsung.com/co/smartphones/galaxy-z-flip7-fe/"}
[2025-11-10T04:11:53.156Z] INFO: ➡️ [createProduct] User: {"id":"32a0b3f8-4486-45e2-ba96-1db050945520","email":"testuser1@example.com","role":"BUYER","iat":1762747794,"exp":1762834194}
[2025-11-10T04:11:53.622Z] INFO: ✅ Product created: 56910b79-fa49-4361-a1b4-5c5e606dcdee
[2025-11-10T04:11:53.633Z] INFO: ℹ️ [createProduct] Total time: 494 ms
[2025-11-10T04:11:54.469Z] INFO: GET /api/products/56910b79-fa49-4361-a1b4-5c5e606dcdee
[2025-11-10T04:11:54.479Z] INFO: GET /api/products/56910b79-fa49-4361-a1b4-5c5e606dcdee/summary
[2025-11-10T04:11:54.489Z] INFO: GET /api/products/56910b79-fa49-4361-a1b4-5c5e606dcdee/review-analytics
[2025-11-10T04:11:54.501Z] INFO: GET /api/products/56910b79-fa49-4361-a1b4-5c5e606dcdee/price-comparison
[2025-11-10T04:11:54.511Z] INFO: GET /api/products/56910b79-fa49-4361-a1b4-5c5e606dcdee/price-history
[2025-11-10T04:11:54.530Z] INFO: GET /api/products/56910b79-fa49-4361-a1b4-5c5e606dcdee/reviews
[2025-11-10T04:11:54.539Z] INFO: GET /api/products/56910b79-fa49-4361-a1b4-5c5e606dcdee
[2025-11-10T04:11:54.549Z] INFO: GET /api/products/56910b79-fa49-4361-a1b4-5c5e606dcdee/summary
[2025-11-10T04:11:54.558Z] INFO: GET /api/products/56910b79-fa49-4361-a1b4-5c5e606dcdee/review-analytics
[2025-11-10T04:11:54.571Z] INFO: GET /api/products/56910b79-fa49-4361-a1b4-5c5e606dcdee/price-comparison
[2025-11-10T04:11:54.581Z] INFO: GET /api/products/56910b79-fa49-4361-a1b4-5c5e606dcdee/price-history
[2025-11-10T04:11:54.590Z] INFO: GET /api/products/56910b79-fa49-4361-a1b4-5c5e606dcdee/reviews
[2025-11-10T04:12:32.126Z] INFO: GET /api/products/search
[2025-11-10T04:12:32.141Z] INFO: GET /api/products/search
[2025-11-10T04:12:40.938Z] INFO: GET /api/products/search
[2025-11-10T04:12:40.955Z] INFO: GET /api/products/search
[2025-11-10T04:12:44.844Z] INFO: GET /api/products/56910b79-fa49-4361-a1b4-5c5e606dcdee
[2025-11-10T04:12:44.855Z] INFO: GET /api/products/56910b79-fa49-4361-a1b4-5c5e606dcdee/summary
[2025-11-10T04:12:44.867Z] INFO: GET /api/products/56910b79-fa49-4361-a1b4-5c5e606dcdee/review-analytics
[2025-11-10T04:12:44.879Z] INFO: GET /api/products/56910b79-fa49-4361-a1b4-5c5e606dcdee/price-comparison
[2025-11-10T04:12:44.889Z] INFO: GET /api/products/56910b79-fa49-4361-a1b4-5c5e606dcdee/price-history
[2025-11-10T04:12:44.900Z] INFO: GET /api/products/56910b79-fa49-4361-a1b4-5c5e606dcdee/reviews
[2025-11-10T04:12:44.910Z] INFO: GET /api/products/56910b79-fa49-4361-a1b4-5c5e606dcdee
[2025-11-10T04:12:44.921Z] INFO: GET /api/products/56910b79-fa49-4361-a1b4-5c5e606dcdee/summary
[2025-11-10T04:12:44.934Z] INFO: GET /api/products/56910b79-fa49-4361-a1b4-5c5e606dcdee/review-analytics
[2025-11-10T04:12:44.948Z] INFO: GET /api/products/56910b79-fa49-4361-a1b4-5c5e606dcdee/price-comparison
[2025-11-10T04:12:44.976Z] INFO: GET /api/products/56910b79-fa49-4361-a1b4-5c5e606dcdee/price-history
[2025-11-10T04:12:44.997Z] INFO: GET /api/products/56910b79-fa49-4361-a1b4-5c5e606dcdee/reviews
[2025-11-10T04:12:46.705Z] INFO: GET /api/products/search
[2025-11-10T04:12:46.716Z] INFO: GET /api/products/search
[2025-11-10T04:12:47.586Z] INFO: GET /api/products/56910b79-fa49-4361-a1b4-5c5e606dcdee
[2025-11-10T04:12:47.597Z] INFO: GET /api/products/56910b79-fa49-4361-a1b4-5c5e606dcdee/summary
[2025-11-10T04:12:47.618Z] INFO: GET /api/products/56910b79-fa49-4361-a1b4-5c5e606dcdee/review-analytics
[2025-11-10T04:12:47.631Z] INFO: GET /api/products/56910b79-fa49-4361-a1b4-5c5e606dcdee/price-comparison
[2025-11-10T04:12:47.646Z] INFO: GET /api/products/56910b79-fa49-4361-a1b4-5c5e606dcdee/price-history
[2025-11-10T04:12:47.658Z] INFO: GET /api/products/56910b79-fa49-4361-a1b4-5c5e606dcdee/reviews
[2025-11-10T04:12:47.670Z] INFO: GET /api/products/56910b79-fa49-4361-a1b4-5c5e606dcdee
[2025-11-10T04:12:47.679Z] INFO: GET /api/products/56910b79-fa49-4361-a1b4-5c5e606dcdee/summary
[2025-11-10T04:12:47.693Z] INFO: GET /api/products/56910b79-fa49-4361-a1b4-5c5e606dcdee/review-analytics
[2025-11-10T04:12:47.703Z] INFO: GET /api/products/56910b79-fa49-4361-a1b4-5c5e606dcdee/price-comparison
[2025-11-10T04:12:47.717Z] INFO: GET /api/products/56910b79-fa49-4361-a1b4-5c5e606dcdee/price-history
[2025-11-10T04:12:47.745Z] INFO: GET /api/products/56910b79-fa49-4361-a1b4-5c5e606dcdee/reviews
[2025-11-10T04:12:48.413Z] INFO: GET /api/products/search
[2025-11-10T04:12:48.425Z] INFO: GET /api/products/search
[2025-11-10T04:12:56.581Z] INFO: GET /api/products/search
[2025-11-10T04:12:56.596Z] INFO: GET /api/products/search
[2025-11-10T04:12:58.202Z] INFO: GET /api/products/b6d29c9b-565f-4af0-9f2b-4084596af09a
[2025-11-10T04:12:58.213Z] INFO: GET /api/products/b6d29c9b-565f-4af0-9f2b-4084596af09a/summary
[2025-11-10T04:12:58.225Z] INFO: GET /api/products/b6d29c9b-565f-4af0-9f2b-4084596af09a/review-analytics
[2025-11-10T04:12:58.234Z] INFO: GET /api/products/b6d29c9b-565f-4af0-9f2b-4084596af09a/price-comparison
[2025-11-10T04:12:58.245Z] INFO: GET /api/products/b6d29c9b-565f-4af0-9f2b-4084596af09a/price-history
[2025-11-10T04:12:58.256Z] INFO: GET /api/products/b6d29c9b-565f-4af0-9f2b-4084596af09a/reviews
[2025-11-10T04:12:58.265Z] INFO: GET /api/products/b6d29c9b-565f-4af0-9f2b-4084596af09a
[2025-11-10T04:12:58.277Z] INFO: GET /api/products/b6d29c9b-565f-4af0-9f2b-4084596af09a/summary
[2025-11-10T04:12:58.286Z] INFO: GET /api/products/b6d29c9b-565f-4af0-9f2b-4084596af09a/review-analytics
[2025-11-10T04:12:58.296Z] INFO: GET /api/products/b6d29c9b-565f-4af0-9f2b-4084596af09a/price-comparison
[2025-11-10T04:12:58.305Z] INFO: GET /api/products/b6d29c9b-565f-4af0-9f2b-4084596af09a/price-history
[2025-11-10T04:12:58.314Z] INFO: GET /api/products/b6d29c9b-565f-4af0-9f2b-4084596af09a/reviews
[2025-11-10T04:13:12.630Z] INFO: GET /api/products/search
[2025-11-10T04:13:12.643Z] INFO: GET /api/products/search
[2025-11-10T04:13:13.991Z] INFO: GET /api/products/b6d29c9b-565f-4af0-9f2b-4084596af09a
[2025-11-10T04:13:14.009Z] INFO: GET /api/products/b6d29c9b-565f-4af0-9f2b-4084596af09a/summary
[2025-11-10T04:13:14.028Z] INFO: GET /api/products/b6d29c9b-565f-4af0-9f2b-4084596af09a/review-analytics
[2025-11-10T04:13:14.037Z] INFO: GET /api/products/b6d29c9b-565f-4af0-9f2b-4084596af09a/price-comparison
[2025-11-10T04:13:14.045Z] INFO: GET /api/products/b6d29c9b-565f-4af0-9f2b-4084596af09a/price-history
[2025-11-10T04:13:14.084Z] INFO: GET /api/products/b6d29c9b-565f-4af0-9f2b-4084596af09a/reviews
[2025-11-10T04:13:14.094Z] INFO: GET /api/products/b6d29c9b-565f-4af0-9f2b-4084596af09a
[2025-11-10T04:13:14.108Z] INFO: GET /api/products/b6d29c9b-565f-4af0-9f2b-4084596af09a/summary
[2025-11-10T04:13:14.118Z] INFO: GET /api/products/b6d29c9b-565f-4af0-9f2b-4084596af09a/review-analytics
[2025-11-10T04:13:14.127Z] INFO: GET /api/products/b6d29c9b-565f-4af0-9f2b-4084596af09a/price-comparison
[2025-11-10T04:13:14.136Z] INFO: GET /api/products/b6d29c9b-565f-4af0-9f2b-4084596af09a/price-history
[2025-11-10T04:13:14.144Z] INFO: GET /api/products/b6d29c9b-565f-4af0-9f2b-4084596af09a/reviews
[2025-11-10T04:14:43.358Z] INFO: GET /api/products/search
[2025-11-10T04:14:43.366Z] INFO: GET /api/products/search
[2025-11-10T04:14:49.395Z] INFO: GET /api/products/b6d29c9b-565f-4af0-9f2b-4084596af09a
[2025-11-10T04:14:49.408Z] INFO: GET /api/products/b6d29c9b-565f-4af0-9f2b-4084596af09a/summary
[2025-11-10T04:14:49.420Z] INFO: GET /api/products/b6d29c9b-565f-4af0-9f2b-4084596af09a/review-analytics
[2025-11-10T04:14:49.433Z] INFO: GET /api/products/b6d29c9b-565f-4af0-9f2b-4084596af09a/price-comparison
[2025-11-10T04:14:49.443Z] INFO: GET /api/products/b6d29c9b-565f-4af0-9f2b-4084596af09a/price-history
[2025-11-10T04:14:49.453Z] INFO: GET /api/products/b6d29c9b-565f-4af0-9f2b-4084596af09a/reviews
[2025-11-10T04:14:49.462Z] INFO: GET /api/products/b6d29c9b-565f-4af0-9f2b-4084596af09a
[2025-11-10T04:14:49.476Z] INFO: GET /api/products/b6d29c9b-565f-4af0-9f2b-4084596af09a/summary
[2025-11-10T04:14:49.493Z] INFO: GET /api/products/b6d29c9b-565f-4af0-9f2b-4084596af09a/review-analytics
[2025-11-10T04:14:49.529Z] INFO: GET /api/products/b6d29c9b-565f-4af0-9f2b-4084596af09a/price-comparison
[2025-11-10T04:14:49.562Z] INFO: GET /api/products/b6d29c9b-565f-4af0-9f2b-4084596af09a/price-history
[2025-11-10T04:14:49.575Z] INFO: GET /api/products/b6d29c9b-565f-4af0-9f2b-4084596af09a/reviews
[2025-11-10T04:24:44.649Z] INFO: SmartPick API running on port 3001
[2025-11-10T04:24:44.702Z] INFO: GET /
[2025-11-10T04:24:44.755Z] INFO: GET /favicon.ico
[2025-11-10T04:24:44.772Z] INFO: GET /favicon.svg
[2025-11-10T04:25:01.779Z] INFO: GET /api/products/%3CID-NUEVO%3E/review-analytics
[2025-11-10T04:25:46.649Z] INFO: SmartPick API running on port 3001
[2025-11-10T04:25:46.708Z] INFO: GET /
[2025-11-10T04:25:46.759Z] INFO: GET /favicon.ico
[2025-11-10T04:25:46.776Z] INFO: GET /favicon.svg
[2025-11-10T04:27:35.497Z] INFO: GET /api/products/12345678-1234-1234-1234-123456789abc/review-analytics
[2025-11-10T04:28:20.153Z] INFO: GET /api/products/12345678-1234-1234-1234-123456789abc/review-analytics
[2025-11-10T04:28:51.690Z] INFO: POST /api/auth/login
[2025-11-10T04:28:52.197Z] INFO: User logged in: testuser1@example.com
[2025-11-10T04:28:52.230Z] INFO: GET /api/products/search
[2025-11-10T04:28:52.244Z] INFO: GET /api/products/search
[2025-11-10T04:28:56.187Z] INFO: GET /api/products/search
[2025-11-10T04:28:56.200Z] INFO: GET /api/products/search
[2025-11-10T04:29:01.535Z] INFO: GET /api/products/search
[2025-11-10T04:29:01.547Z] INFO: GET /api/products/search
[2025-11-10T04:29:02.682Z] INFO: GET /api/products/56910b79-fa49-4361-a1b4-5c5e606dcdee
[2025-11-10T04:29:02.699Z] INFO: GET /api/products/56910b79-fa49-4361-a1b4-5c5e606dcdee/summary
[2025-11-10T04:29:02.710Z] INFO: GET /api/products/56910b79-fa49-4361-a1b4-5c5e606dcdee/review-analytics
[2025-11-10T04:29:02.723Z] INFO: GET /api/products/56910b79-fa49-4361-a1b4-5c5e606dcdee/price-comparison
[2025-11-10T04:29:02.737Z] INFO: GET /api/products/56910b79-fa49-4361-a1b4-5c5e606dcdee/price-history
[2025-11-10T04:29:02.748Z] INFO: GET /api/products/56910b79-fa49-4361-a1b4-5c5e606dcdee/reviews
[2025-11-10T04:29:02.774Z] INFO: GET /api/products/56910b79-fa49-4361-a1b4-5c5e606dcdee
[2025-11-10T04:29:02.786Z] INFO: GET /api/products/56910b79-fa49-4361-a1b4-5c5e606dcdee/summary
[2025-11-10T04:29:02.797Z] INFO: GET /api/products/56910b79-fa49-4361-a1b4-5c5e606dcdee/review-analytics
[2025-11-10T04:29:02.807Z] INFO: GET /api/products/56910b79-fa49-4361-a1b4-5c5e606dcdee/price-comparison
[2025-11-10T04:29:02.820Z] INFO: GET /api/products/56910b79-fa49-4361-a1b4-5c5e606dcdee/price-history
[2025-11-10T04:29:02.831Z] INFO: GET /api/products/56910b79-fa49-4361-a1b4-5c5e606dcdee/reviews
[2025-11-10T04:29:13.317Z] INFO: GET /api/products/56910b79-fa49-4361-a1b4-5c5e606dcdee/reviews
[2025-11-10T04:29:14.937Z] INFO: GET /api/products/search
[2025-11-10T04:29:14.950Z] INFO: GET /api/products/search
[2025-11-10T04:29:21.560Z] INFO: GET /api/products/search
[2025-11-10T04:29:21.574Z] INFO: GET /api/products/search
[2025-11-10T04:29:23.085Z] INFO: GET /api/products/b6d29c9b-565f-4af0-9f2b-4084596af09a
[2025-11-10T04:29:23.098Z] INFO: GET /api/products/b6d29c9b-565f-4af0-9f2b-4084596af09a/summary
[2025-11-10T04:29:23.110Z] INFO: GET /api/products/b6d29c9b-565f-4af0-9f2b-4084596af09a/review-analytics
[2025-11-10T04:29:23.121Z] INFO: GET /api/products/b6d29c9b-565f-4af0-9f2b-4084596af09a/price-comparison
[2025-11-10T04:29:23.130Z] INFO: GET /api/products/b6d29c9b-565f-4af0-9f2b-4084596af09a/price-history
[2025-11-10T04:29:23.140Z] INFO: GET /api/products/b6d29c9b-565f-4af0-9f2b-4084596af09a/reviews
[2025-11-10T04:29:23.150Z] INFO: GET /api/products/b6d29c9b-565f-4af0-9f2b-4084596af09a
[2025-11-10T04:29:23.160Z] INFO: GET /api/products/b6d29c9b-565f-4af0-9f2b-4084596af09a/summary
[2025-11-10T04:29:23.169Z] INFO: GET /api/products/b6d29c9b-565f-4af0-9f2b-4084596af09a/review-analytics
[2025-11-10T04:29:23.178Z] INFO: GET /api/products/b6d29c9b-565f-4af0-9f2b-4084596af09a/price-comparison
[2025-11-10T04:29:23.186Z] INFO: GET /api/products/b6d29c9b-565f-4af0-9f2b-4084596af09a/price-history
[2025-11-10T04:29:23.196Z] INFO: GET /api/products/b6d29c9b-565f-4af0-9f2b-4084596af09a/reviews
[2025-11-10T04:30:40.814Z] INFO: POST /api/products/b6d29c9b-565f-4af0-9f2b-4084596af09a/reviews
[2025-11-10T04:30:41.304Z] INFO: GET /api/products/b6d29c9b-565f-4af0-9f2b-4084596af09a/summary
[2025-11-10T04:30:41.324Z] INFO: GET /api/products/b6d29c9b-565f-4af0-9f2b-4084596af09a/review-analytics
[2025-11-10T04:30:41.346Z] INFO: GET /api/products/b6d29c9b-565f-4af0-9f2b-4084596af09a/reviews
[2025-11-10T04:30:59.179Z] INFO: GET /api/products/search
[2025-11-10T04:30:59.195Z] INFO: GET /api/products/search
[2025-11-10T04:36:08.842Z] INFO: SmartPick API running on port 3001
[2025-11-10T04:36:09.236Z] INFO: GET /
[2025-11-10T04:36:09.323Z] INFO: GET /favicon.ico
[2025-11-10T04:36:09.343Z] INFO: GET /favicon.svg
[2025-11-10T04:36:32.712Z] INFO: GET /api/products/b6d29c9b-565f-4af0-9f2b-4084596af09a
[2025-11-10T04:36:32.751Z] INFO: GET /api/products/b6d29c9b-565f-4af0-9f2b-4084596af09a/summary
[2025-11-10T04:36:32.765Z] INFO: GET /api/products/b6d29c9b-565f-4af0-9f2b-4084596af09a/review-analytics
[2025-11-10T04:36:32.790Z] INFO: GET /api/products/b6d29c9b-565f-4af0-9f2b-4084596af09a/price-comparison
[2025-11-10T04:36:32.804Z] INFO: GET /api/products/b6d29c9b-565f-4af0-9f2b-4084596af09a/price-history
[2025-11-10T04:36:32.817Z] INFO: GET /api/products/b6d29c9b-565f-4af0-9f2b-4084596af09a/reviews
[2025-11-10T04:36:32.830Z] INFO: GET /api/products/b6d29c9b-565f-4af0-9f2b-4084596af09a
[2025-11-10T04:36:32.853Z] INFO: GET /api/products/b6d29c9b-565f-4af0-9f2b-4084596af09a/summary
[2025-11-10T04:36:32.907Z] INFO: GET /api/products/b6d29c9b-565f-4af0-9f2b-4084596af09a/review-analytics
[2025-11-10T04:36:32.924Z] INFO: GET /api/products/b6d29c9b-565f-4af0-9f2b-4084596af09a/price-comparison
[2025-11-10T04:36:32.938Z] INFO: GET /api/products/b6d29c9b-565f-4af0-9f2b-4084596af09a/price-history
[2025-11-10T04:36:32.965Z] INFO: GET /api/products/b6d29c9b-565f-4af0-9f2b-4084596af09a/reviews
[2025-11-10T04:43:22.100Z] INFO: GET /api/products/b6d29c9b-565f-4af0-9f2b-4084596af09a
[2025-11-10T04:43:22.111Z] INFO: GET /api/products/b6d29c9b-565f-4af0-9f2b-4084596af09a/summary
[2025-11-10T04:43:22.123Z] INFO: GET /api/products/b6d29c9b-565f-4af0-9f2b-4084596af09a/review-analytics
[2025-11-10T04:43:22.137Z] INFO: GET /api/products/b6d29c9b-565f-4af0-9f2b-4084596af09a/price-comparison
[2025-11-10T04:43:22.146Z] INFO: GET /api/products/b6d29c9b-565f-4af0-9f2b-4084596af09a/price-history
[2025-11-10T04:43:22.154Z] INFO: GET /api/products/b6d29c9b-565f-4af0-9f2b-4084596af09a/reviews
[2025-11-10T04:43:22.163Z] INFO: GET /api/products/b6d29c9b-565f-4af0-9f2b-4084596af09a
[2025-11-10T04:43:22.172Z] INFO: GET /api/products/b6d29c9b-565f-4af0-9f2b-4084596af09a/summary
[2025-11-10T04:43:22.180Z] INFO: GET /api/products/b6d29c9b-565f-4af0-9f2b-4084596af09a/review-analytics
[2025-11-10T04:43:22.189Z] INFO: GET /api/products/b6d29c9b-565f-4af0-9f2b-4084596af09a/price-comparison
[2025-11-10T04:43:22.199Z] INFO: GET /api/products/b6d29c9b-565f-4af0-9f2b-4084596af09a/price-history
[2025-11-10T04:43:22.230Z] INFO: GET /api/products/b6d29c9b-565f-4af0-9f2b-4084596af09a/reviews
[2025-11-10T04:43:36.585Z] INFO: POST /api/products/b6d29c9b-565f-4af0-9f2b-4084596af09a/reviews
[2025-11-10T04:43:43.672Z] INFO: POST /api/products/b6d29c9b-565f-4af0-9f2b-4084596af09a/reviews
[2025-11-10T04:43:44.684Z] INFO: GET /api/products/b6d29c9b-565f-4af0-9f2b-4084596af09a/summary
[2025-11-10T04:43:44.697Z] INFO: GET /api/products/b6d29c9b-565f-4af0-9f2b-4084596af09a/review-analytics
[2025-11-10T04:43:44.712Z] INFO: GET /api/products/b6d29c9b-565f-4af0-9f2b-4084596af09a/reviews
[2025-11-10T04:51:23.182Z] INFO: GET /api/products/b6d29c9b-565f-4af0-9f2b-4084596af09a
[2025-11-10T04:51:23.193Z] INFO: GET /api/products/b6d29c9b-565f-4af0-9f2b-4084596af09a/summary
[2025-11-10T04:51:23.204Z] INFO: GET /api/products/b6d29c9b-565f-4af0-9f2b-4084596af09a/review-analytics
[2025-11-10T04:51:23.214Z] INFO: GET /api/products/b6d29c9b-565f-4af0-9f2b-4084596af09a/price-comparison
[2025-11-10T04:51:23.223Z] INFO: GET /api/products/b6d29c9b-565f-4af0-9f2b-4084596af09a/price-history
[2025-11-10T04:51:23.233Z] INFO: GET /api/products/b6d29c9b-565f-4af0-9f2b-4084596af09a/reviews
[2025-11-10T04:51:23.246Z] INFO: GET /api/products/b6d29c9b-565f-4af0-9f2b-4084596af09a
[2025-11-10T04:51:23.296Z] INFO: GET /api/products/b6d29c9b-565f-4af0-9f2b-4084596af09a/summary
[2025-11-10T04:51:23.324Z] INFO: GET /api/products/b6d29c9b-565f-4af0-9f2b-4084596af09a/review-analytics
[2025-11-10T04:51:23.343Z] INFO: GET /api/products/b6d29c9b-565f-4af0-9f2b-4084596af09a/price-comparison
[2025-11-10T04:51:23.359Z] INFO: GET /api/products/b6d29c9b-565f-4af0-9f2b-4084596af09a/price-history
[2025-11-10T04:51:23.371Z] INFO: GET /api/products/b6d29c9b-565f-4af0-9f2b-4084596af09a/reviews
[2025-11-10T05:12:48.737Z] INFO: GET /api/products/dd9ea5ce-c90d-422f-9929-9a85bd1fc617
[2025-11-10T05:12:48.770Z] INFO: GET /api/products/dd9ea5ce-c90d-422f-9929-9a85bd1fc617/summary
[2025-11-10T05:12:48.802Z] INFO: GET /api/products/dd9ea5ce-c90d-422f-9929-9a85bd1fc617/review-analytics
[2025-11-10T05:12:48.835Z] INFO: GET /api/products/dd9ea5ce-c90d-422f-9929-9a85bd1fc617/price-comparison
[2025-11-10T05:12:48.863Z] INFO: GET /api/products/dd9ea5ce-c90d-422f-9929-9a85bd1fc617/price-history
[2025-11-10T05:12:48.901Z] INFO: GET /api/products/dd9ea5ce-c90d-422f-9929-9a85bd1fc617/reviews
[2025-11-10T05:12:48.929Z] INFO: GET /api/products/dd9ea5ce-c90d-422f-9929-9a85bd1fc617
[2025-11-10T05:12:48.954Z] INFO: GET /api/products/dd9ea5ce-c90d-422f-9929-9a85bd1fc617/summary
[2025-11-10T05:12:48.985Z] INFO: GET /api/products/dd9ea5ce-c90d-422f-9929-9a85bd1fc617/review-analytics
[2025-11-10T05:12:49.018Z] INFO: GET /api/products/dd9ea5ce-c90d-422f-9929-9a85bd1fc617/price-comparison
[2025-11-10T05:12:49.061Z] INFO: GET /api/products/dd9ea5ce-c90d-422f-9929-9a85bd1fc617/price-history
[2025-11-10T05:12:49.112Z] INFO: GET /api/products/dd9ea5ce-c90d-422f-9929-9a85bd1fc617/reviews
[2025-11-10T05:13:21.805Z] INFO: GET /api/products/search
[2025-11-10T05:13:21.820Z] INFO: GET /api/products/search
[2025-11-10T05:13:58.686Z] INFO: GET /api/products/b6d29c9b-565f-4af0-9f2b-4084596af09a
[2025-11-10T05:13:58.698Z] INFO: GET /api/products/b6d29c9b-565f-4af0-9f2b-4084596af09a/summary
[2025-11-10T05:13:58.710Z] INFO: GET /api/products/b6d29c9b-565f-4af0-9f2b-4084596af09a/review-analytics
[2025-11-10T05:13:58.721Z] INFO: GET /api/products/b6d29c9b-565f-4af0-9f2b-4084596af09a/price-comparison
[2025-11-10T05:13:58.734Z] INFO: GET /api/products/b6d29c9b-565f-4af0-9f2b-4084596af09a/price-history
[2025-11-10T05:13:58.748Z] INFO: GET /api/products/b6d29c9b-565f-4af0-9f2b-4084596af09a/reviews
[2025-11-10T05:13:58.760Z] INFO: GET /api/products/b6d29c9b-565f-4af0-9f2b-4084596af09a
[2025-11-10T05:13:58.769Z] INFO: GET /api/products/b6d29c9b-565f-4af0-9f2b-4084596af09a/summary
[2025-11-10T05:13:58.777Z] INFO: GET /api/products/b6d29c9b-565f-4af0-9f2b-4084596af09a/review-analytics
[2025-11-10T05:13:58.803Z] INFO: GET /api/products/b6d29c9b-565f-4af0-9f2b-4084596af09a/price-comparison
[2025-11-10T05:13:58.818Z] INFO: GET /api/products/b6d29c9b-565f-4af0-9f2b-4084596af09a/price-history
[2025-11-10T05:13:58.832Z] INFO: GET /api/products/b6d29c9b-565f-4af0-9f2b-4084596af09a/reviews
[2025-11-10T05:14:03.478Z] INFO: GET /api/products/9a593f8f-da44-4a14-9758-b74f8f418665
[2025-11-10T05:14:03.494Z] INFO: GET /api/products/9a593f8f-da44-4a14-9758-b74f8f418665/summary
[2025-11-10T05:14:03.512Z] INFO: GET /api/products/9a593f8f-da44-4a14-9758-b74f8f418665/review-analytics
[2025-11-10T05:14:03.530Z] INFO: GET /api/products/9a593f8f-da44-4a14-9758-b74f8f418665/price-comparison
[2025-11-10T05:14:03.548Z] INFO: GET /api/products/9a593f8f-da44-4a14-9758-b74f8f418665/price-history
[2025-11-10T05:14:03.564Z] INFO: GET /api/products/9a593f8f-da44-4a14-9758-b74f8f418665/reviews
[2025-11-10T05:14:03.575Z] INFO: GET /api/products/9a593f8f-da44-4a14-9758-b74f8f418665
[2025-11-10T05:14:03.588Z] INFO: GET /api/products/9a593f8f-da44-4a14-9758-b74f8f418665/summary
[2025-11-10T05:14:03.602Z] INFO: GET /api/products/9a593f8f-da44-4a14-9758-b74f8f418665/review-analytics
[2025-11-10T05:14:03.615Z] INFO: GET /api/products/9a593f8f-da44-4a14-9758-b74f8f418665/price-comparison
[2025-11-10T05:14:03.628Z] INFO: GET /api/products/9a593f8f-da44-4a14-9758-b74f8f418665/price-history
[2025-11-10T05:14:03.639Z] INFO: GET /api/products/9a593f8f-da44-4a14-9758-b74f8f418665/reviews
[2025-11-10T05:14:28.718Z] INFO: GET /api/products/21c8b255-2faf-46e2-b6c4-65f002cfe42e
[2025-11-10T05:14:28.728Z] INFO: GET /api/products/21c8b255-2faf-46e2-b6c4-65f002cfe42e/summary
[2025-11-10T05:14:28.740Z] INFO: GET /api/products/21c8b255-2faf-46e2-b6c4-65f002cfe42e/review-analytics
[2025-11-10T05:14:28.760Z] INFO: GET /api/products/21c8b255-2faf-46e2-b6c4-65f002cfe42e/price-comparison
[2025-11-10T05:14:28.773Z] INFO: GET /api/products/21c8b255-2faf-46e2-b6c4-65f002cfe42e/price-history
[2025-11-10T05:14:28.781Z] INFO: GET /api/products/21c8b255-2faf-46e2-b6c4-65f002cfe42e/reviews
[2025-11-10T05:14:28.791Z] INFO: GET /api/products/21c8b255-2faf-46e2-b6c4-65f002cfe42e
[2025-11-10T05:14:28.802Z] INFO: GET /api/products/21c8b255-2faf-46e2-b6c4-65f002cfe42e/summary
[2025-11-10T05:14:28.811Z] INFO: GET /api/products/21c8b255-2faf-46e2-b6c4-65f002cfe42e/review-analytics
[2025-11-10T05:14:28.823Z] INFO: GET /api/products/21c8b255-2faf-46e2-b6c4-65f002cfe42e/price-comparison
[2025-11-10T05:14:28.835Z] INFO: GET /api/products/21c8b255-2faf-46e2-b6c4-65f002cfe42e/price-history
[2025-11-10T05:14:28.846Z] INFO: GET /api/products/21c8b255-2faf-46e2-b6c4-65f002cfe42e/reviews
[2025-11-10T05:14:46.157Z] INFO: GET /api/products/search
[2025-11-10T05:14:46.173Z] INFO: GET /api/products/search
[2025-11-10T05:14:48.132Z] INFO: GET /api/products/56910b79-fa49-4361-a1b4-5c5e606dcdee
[2025-11-10T05:14:48.142Z] INFO: GET /api/products/56910b79-fa49-4361-a1b4-5c5e606dcdee/summary
[2025-11-10T05:14:48.151Z] INFO: GET /api/products/56910b79-fa49-4361-a1b4-5c5e606dcdee/review-analytics
[2025-11-10T05:14:48.161Z] INFO: GET /api/products/56910b79-fa49-4361-a1b4-5c5e606dcdee/price-comparison
[2025-11-10T05:14:48.170Z] INFO: GET /api/products/56910b79-fa49-4361-a1b4-5c5e606dcdee/price-history
[2025-11-10T05:14:48.179Z] INFO: GET /api/products/56910b79-fa49-4361-a1b4-5c5e606dcdee/reviews
[2025-11-10T05:14:48.189Z] INFO: GET /api/products/56910b79-fa49-4361-a1b4-5c5e606dcdee
[2025-11-10T05:14:48.213Z] INFO: GET /api/products/56910b79-fa49-4361-a1b4-5c5e606dcdee/summary
[2025-11-10T05:14:48.227Z] INFO: GET /api/products/56910b79-fa49-4361-a1b4-5c5e606dcdee/review-analytics
[2025-11-10T05:14:48.239Z] INFO: GET /api/products/56910b79-fa49-4361-a1b4-5c5e606dcdee/price-comparison
[2025-11-10T05:14:48.247Z] INFO: GET /api/products/56910b79-fa49-4361-a1b4-5c5e606dcdee/price-history
[2025-11-10T05:14:48.257Z] INFO: GET /api/products/56910b79-fa49-4361-a1b4-5c5e606dcdee/reviews
[2025-11-10T05:14:50.236Z] INFO: GET /api/products/search
[2025-11-10T05:14:50.247Z] INFO: GET /api/products/search
[2025-11-10T05:14:51.166Z] INFO: GET /api/products/25117acd-fe71-4fb5-88b4-f6ddffd7ec85
[2025-11-10T05:14:51.176Z] INFO: GET /api/products/25117acd-fe71-4fb5-88b4-f6ddffd7ec85/summary
[2025-11-10T05:14:51.185Z] INFO: GET /api/products/25117acd-fe71-4fb5-88b4-f6ddffd7ec85/review-analytics
[2025-11-10T05:14:51.194Z] INFO: GET /api/products/25117acd-fe71-4fb5-88b4-f6ddffd7ec85/price-comparison
[2025-11-10T05:14:51.209Z] INFO: GET /api/products/25117acd-fe71-4fb5-88b4-f6ddffd7ec85/price-history
[2025-11-10T05:14:51.244Z] INFO: GET /api/products/25117acd-fe71-4fb5-88b4-f6ddffd7ec85/reviews
[2025-11-10T05:14:51.257Z] INFO: GET /api/products/25117acd-fe71-4fb5-88b4-f6ddffd7ec85
[2025-11-10T05:14:51.270Z] INFO: GET /api/products/25117acd-fe71-4fb5-88b4-f6ddffd7ec85/summary
[2025-11-10T05:14:51.280Z] INFO: GET /api/products/25117acd-fe71-4fb5-88b4-f6ddffd7ec85/review-analytics
[2025-11-10T05:14:51.290Z] INFO: GET /api/products/25117acd-fe71-4fb5-88b4-f6ddffd7ec85/price-comparison
[2025-11-10T05:14:51.300Z] INFO: GET /api/products/25117acd-fe71-4fb5-88b4-f6ddffd7ec85/price-history
[2025-11-10T05:14:51.313Z] INFO: GET /api/products/25117acd-fe71-4fb5-88b4-f6ddffd7ec85/reviews
[2025-11-10T05:14:51.958Z] INFO: GET /api/products/search
[2025-11-10T05:14:51.972Z] INFO: GET /api/products/search
[2025-11-10T05:15:53.308Z] INFO: GET /api/products/fa2ea5ed-4bb6-4687-99e8-161a27a0423c
[2025-11-10T05:15:53.319Z] INFO: GET /api/products/fa2ea5ed-4bb6-4687-99e8-161a27a0423c/summary
[2025-11-10T05:15:53.333Z] INFO: GET /api/products/fa2ea5ed-4bb6-4687-99e8-161a27a0423c/review-analytics
[2025-11-10T05:15:53.349Z] INFO: GET /api/products/fa2ea5ed-4bb6-4687-99e8-161a27a0423c/price-comparison
[2025-11-10T05:15:53.364Z] INFO: GET /api/products/fa2ea5ed-4bb6-4687-99e8-161a27a0423c/price-history
[2025-11-10T05:15:53.388Z] INFO: GET /api/products/fa2ea5ed-4bb6-4687-99e8-161a27a0423c/reviews
[2025-11-10T05:15:53.408Z] INFO: GET /api/products/fa2ea5ed-4bb6-4687-99e8-161a27a0423c
[2025-11-10T05:15:53.421Z] INFO: GET /api/products/fa2ea5ed-4bb6-4687-99e8-161a27a0423c/summary
[2025-11-10T05:15:53.431Z] INFO: GET /api/products/fa2ea5ed-4bb6-4687-99e8-161a27a0423c/review-analytics
[2025-11-10T05:15:53.444Z] INFO: GET /api/products/fa2ea5ed-4bb6-4687-99e8-161a27a0423c/price-comparison
[2025-11-10T05:15:53.470Z] INFO: GET /api/products/fa2ea5ed-4bb6-4687-99e8-161a27a0423c/price-history
[2025-11-10T05:15:53.485Z] INFO: GET /api/products/fa2ea5ed-4bb6-4687-99e8-161a27a0423c/reviews
[2025-11-10T05:26:51.190Z] INFO: SmartPick API running on port 3001
[2025-11-10T05:26:51.245Z] INFO: GET /
[2025-11-10T05:26:51.294Z] INFO: GET /favicon.ico
[2025-11-10T05:26:51.332Z] INFO: GET /favicon.svg
[2025-11-10T05:27:42.683Z] INFO: GET /api/products/25117acd-fe71-4fb5-88b4-f6ddffd7ec85
[2025-11-10T05:27:42.722Z] INFO: GET /api/products/25117acd-fe71-4fb5-88b4-f6ddffd7ec85/price-comparison
[2025-11-10T05:27:42.738Z] INFO: GET /api/products/25117acd-fe71-4fb5-88b4-f6ddffd7ec85/price-history
[2025-11-10T05:27:42.752Z] INFO: GET /api/products/25117acd-fe71-4fb5-88b4-f6ddffd7ec85/reviews
[2025-11-10T05:27:42.760Z] INFO: GET /api/products/25117acd-fe71-4fb5-88b4-f6ddffd7ec85/summary
[2025-11-10T05:27:42.774Z] INFO: GET /api/products/25117acd-fe71-4fb5-88b4-f6ddffd7ec85/review-analytics
[2025-11-10T05:27:42.785Z] INFO: GET /api/products/25117acd-fe71-4fb5-88b4-f6ddffd7ec85/price-comparison
[2025-11-10T05:27:42.793Z] INFO: GET /api/products/25117acd-fe71-4fb5-88b4-f6ddffd7ec85/price-history
[2025-11-10T05:27:42.801Z] INFO: GET /api/products/25117acd-fe71-4fb5-88b4-f6ddffd7ec85/reviews
[2025-11-10T05:27:42.816Z] INFO: GET /api/products/25117acd-fe71-4fb5-88b4-f6ddffd7ec85
[2025-11-10T05:27:42.857Z] INFO: GET /api/products/25117acd-fe71-4fb5-88b4-f6ddffd7ec85/summary
[2025-11-10T05:27:42.880Z] INFO: GET /api/products/25117acd-fe71-4fb5-88b4-f6ddffd7ec85/review-analytics
[2025-11-10T05:28:30.173Z] INFO: GET /api/products/search
[2025-11-10T05:28:30.189Z] INFO: GET /api/products/search
[2025-11-10T05:34:17.488Z] INFO: GET /api/products/9a593f8f-da44-4a14-9758-b74f8f418665
[2025-11-10T05:34:17.498Z] INFO: GET /api/products/9a593f8f-da44-4a14-9758-b74f8f418665/summary
[2025-11-10T05:34:17.508Z] INFO: GET /api/products/9a593f8f-da44-4a14-9758-b74f8f418665/review-analytics
[2025-11-10T05:34:17.529Z] INFO: GET /api/products/9a593f8f-da44-4a14-9758-b74f8f418665/price-comparison
[2025-11-10T05:34:17.543Z] INFO: GET /api/products/9a593f8f-da44-4a14-9758-b74f8f418665/price-history
[2025-11-10T05:34:17.553Z] INFO: GET /api/products/9a593f8f-da44-4a14-9758-b74f8f418665/reviews
[2025-11-10T05:34:17.564Z] INFO: GET /api/products/9a593f8f-da44-4a14-9758-b74f8f418665
[2025-11-10T05:34:17.575Z] INFO: GET /api/products/9a593f8f-da44-4a14-9758-b74f8f418665/summary
[2025-11-10T05:34:17.584Z] INFO: GET /api/products/9a593f8f-da44-4a14-9758-b74f8f418665/review-analytics
[2025-11-10T05:34:17.592Z] INFO: GET /api/products/9a593f8f-da44-4a14-9758-b74f8f418665/price-comparison
[2025-11-10T05:34:17.602Z] INFO: GET /api/products/9a593f8f-da44-4a14-9758-b74f8f418665/price-history
[2025-11-10T05:34:17.610Z] INFO: GET /api/products/9a593f8f-da44-4a14-9758-b74f8f418665/reviews
